[2026-02-09T15:52:28.154075] Initializing connection to droplet bulk-exec-exec-1770652283-1...
[emilyjenkins0531@lauraneumann.mywire.org] [2026-02-09T15:52:28.164633] Preparing remote directory on 46.101.215.193...
[craiglucas4020@lauraneumann.mywire.org] [2026-02-09T15:52:28.167704] Preparing remote directory on 46.101.215.193...
[davidweaver2566@lauraneumann.mywire.org] [2026-02-09T15:52:28.170074] Preparing remote directory on 46.101.215.193...
[marissaburns6232@lauraneumann.mywire.org] [2026-02-09T15:52:28.172686] Preparing remote directory on 46.101.215.193...
[larrycain7904@lauraneumann.mywire.org] [2026-02-09T15:52:28.175012] Preparing remote directory on 46.101.215.193...
[sherryprice0396@lauraneumann.mywire.org] [2026-02-09T15:52:28.177461] Preparing remote directory on 46.101.215.193...
[matthewwarren0898@lauraneumann.mywire.org] [2026-02-09T15:52:28.180438] Preparing remote directory on 46.101.215.193...
[sherigomez0161@lauraneumann.mywire.org] [2026-02-09T15:52:28.181154] Preparing remote directory on 46.101.215.193...
[kendraarmstrong7093@lauraneumann.mywire.org] [2026-02-09T15:52:28.184891] Preparing remote directory on 46.101.215.193...
[nicolecollins0908@lauraneumann.mywire.org] [2026-02-09T15:52:28.185825] Preparing remote directory on 46.101.215.193...
[sherigomez0161@lauraneumann.mywire.org] [2026-02-09T15:52:33.008467] Uploading automation script to 46.101.215.193...
[emilyjenkins0531@lauraneumann.mywire.org] [2026-02-09T15:52:33.012155] Uploading automation script to 46.101.215.193...
[larrycain7904@lauraneumann.mywire.org] [2026-02-09T15:52:34.452162] Uploading automation script to 46.101.215.193...
[craiglucas4020@lauraneumann.mywire.org] [2026-02-09T15:52:35.443860] Uploading automation script to 46.101.215.193...
[davidweaver2566@lauraneumann.mywire.org] [2026-02-09T15:52:35.936831] Uploading automation script to 46.101.215.193...
[sherryprice0396@lauraneumann.mywire.org] [2026-02-09T15:52:36.175589] Uploading automation script to 46.101.215.193...
[matthewwarren0898@lauraneumann.mywire.org] [2026-02-09T15:52:36.624208] Uploading automation script to 46.101.215.193...
[nicolecollins0908@lauraneumann.mywire.org] [2026-02-09T15:52:36.622110] Uploading automation script to 46.101.215.193...
[marissaburns6232@lauraneumann.mywire.org] [2026-02-09T15:52:36.625696] Uploading automation script to 46.101.215.193...
[kendraarmstrong7093@lauraneumann.mywire.org] [2026-02-09T15:52:36.631678] Uploading automation script to 46.101.215.193...
[lindablair5996@automatedsupply.clarionex.cv] [2026-02-09T15:52:37.986506] Preparing remote directory on 46.101.215.193...
[veronicabradford9992@automatedsupply.clarionex.cv] [2026-02-09T15:52:37.990403] Preparing remote directory on 46.101.215.193...
[emilyjenkins0531@lauraneumann.mywire.org] [2026-02-09T15:52:38.142494] Injecting 2Captcha configuration...
[emilyjenkins0531@lauraneumann.mywire.org] [2026-02-09T15:52:38.142827] Starting background automation script on 46.101.215.193...
[sherigomez0161@lauraneumann.mywire.org] [2026-02-09T15:52:38.217400] Injecting 2Captcha configuration...
[sherigomez0161@lauraneumann.mywire.org] [2026-02-09T15:52:38.220181] Starting background automation script on 46.101.215.193...
[christinawhite8428@automatedsupply.clarionex.cv] [2026-02-09T15:52:39.567077] Preparing remote directory on 46.101.215.193...
[lindablair5996@automatedsupply.clarionex.cv] [2026-02-09T15:52:39.576002] Uploading automation script to 46.101.215.193...
[larrycain7904@lauraneumann.mywire.org] [2026-02-09T15:52:39.586624] Injecting 2Captcha configuration...
[larrycain7904@lauraneumann.mywire.org] [2026-02-09T15:52:39.586835] Starting background automation script on 46.101.215.193...
[veronicabradford9992@automatedsupply.clarionex.cv] [2026-02-09T15:52:39.787389] Uploading automation script to 46.101.215.193...
[christinawhite8428@automatedsupply.clarionex.cv] [2026-02-09T15:52:42.598423] Uploading automation script to 46.101.215.193...
[sherryprice0396@lauraneumann.mywire.org] [2026-02-09T15:52:43.541302] Injecting 2Captcha configuration...
[sherryprice0396@lauraneumann.mywire.org] [2026-02-09T15:52:43.541728] Starting background automation script on 46.101.215.193...
[nicolecollins0908@lauraneumann.mywire.org] [2026-02-09T15:52:43.976502] Injecting 2Captcha configuration...
[nicolecollins0908@lauraneumann.mywire.org] [2026-02-09T15:52:43.976977] Starting background automation script on 46.101.215.193...
[matthewwarren0898@lauraneumann.mywire.org] [2026-02-09T15:52:44.304833] Injecting 2Captcha configuration...
[matthewwarren0898@lauraneumann.mywire.org] [2026-02-09T15:52:44.305039] Starting background automation script on 46.101.215.193...
[marissaburns6232@lauraneumann.mywire.org] [2026-02-09T15:52:45.667147] Injecting 2Captcha configuration...
[marissaburns6232@lauraneumann.mywire.org] [2026-02-09T15:52:45.667360] Starting background automation script on 46.101.215.193...
[veronicabradford9992@automatedsupply.clarionex.cv] [2026-02-09T15:52:46.040187] Injecting 2Captcha configuration...
[veronicabradford9992@automatedsupply.clarionex.cv] [2026-02-09T15:52:46.040393] Starting background automation script on 46.101.215.193...
[lindablair5996@automatedsupply.clarionex.cv] [2026-02-09T15:52:46.494263] Injecting 2Captcha configuration...
[lindablair5996@automatedsupply.clarionex.cv] [2026-02-09T15:52:46.494609] Starting background automation script on 46.101.215.193...
[christinawhite8428@automatedsupply.clarionex.cv] [2026-02-09T15:52:47.754406] Injecting 2Captcha configuration...
[christinawhite8428@automatedsupply.clarionex.cv] [2026-02-09T15:52:47.755084] Starting background automation script on 46.101.215.193...
[veronicabradford9992@automatedsupply.clarionex.cv] --- SCRIPT INITIALIZING ---
[veronicabradford9992@automatedsupply.clarionex.cv] 2026-02-09 15:52:48,914 - INFO - [ANTI-DETECT] selenium-stealth library loaded successfully
[veronicabradford9992@automatedsupply.clarionex.cv] 2026-02-09 15:52:48,914 - INFO - [BROWSER] Checking /opt directory contents...
[veronicabradford9992@automatedsupply.clarionex.cv] 2026-02-09 15:52:48,915 - INFO - [BROWSER] Contents of /opt: ['google', 'digitalocean', 'automation']
[veronicabradford9992@automatedsupply.clarionex.cv] 2026-02-09 15:52:48,915 - INFO - [BROWSER] Found Chrome binary at: /usr/bin/google-chrome
[veronicabradford9992@automatedsupply.clarionex.cv] 2026-02-09 15:52:48,915 - INFO - [BROWSER] Found ChromeDriver at: /usr/local/bin/chromedriver
[veronicabradford9992@automatedsupply.clarionex.cv] 2026-02-09 15:52:48,915 - INFO - [PROXY] Proxy disabled or not configured
[veronicabradford9992@automatedsupply.clarionex.cv] 2026-02-09 15:52:48,915 - INFO - [BROWSER] Starting Standard Selenium (Headless)...
[veronicabradford9992@automatedsupply.clarionex.cv] 2026-02-09 15:52:48,915 - INFO - [BROWSER] Binary: /usr/bin/google-chrome, Driver: /usr/local/bin/chromedriver
[veronicabradford9992@automatedsupply.clarionex.cv] 2026-02-09 15:52:57,310 - INFO - [BROWSER] ✓ Standard selenium driver started
[veronicabradford9992@automatedsupply.clarionex.cv] 2026-02-09 15:53:01,998 - INFO - [ANTI-DETECT] ✓ selenium-stealth applied
[veronicabradford9992@automatedsupply.clarionex.cv] 2026-02-09 15:53:02,020 - INFO - [BROWSER] ✓ Browser initialization complete
[veronicabradford9992@automatedsupply.clarionex.cv] 2026-02-09 15:53:02,088 - INFO - [LAMBDA] Chrome driver started for veronicabradford9992@automatedsupply.clarionex.cv
[veronicabradford9992@automatedsupply.clarionex.cv] 2026-02-09 15:53:02,159 - INFO - [STEP] Login started for veronicabradford9992@automatedsupply.clarionex.cv
[veronicabradford9992@automatedsupply.clarionex.cv] 2026-02-09 15:53:02,159 - INFO - [STEP] Navigating to Google login page (English)...
[veronicabradford9992@automatedsupply.clarionex.cv] 2026-02-09 15:55:09,284 - ERROR - [STEP] Navigation failed: Message: timeout: Timed out receiving message from renderer: 73.425
[veronicabradford9992@automatedsupply.clarionex.cv]   (Session info: chrome=144.0.7559.132)
[veronicabradford9992@automatedsupply.clarionex.cv] Stacktrace:
[veronicabradford9992@automatedsupply.clarionex.cv] #0 0x55a9668cfa7a <unknown>
[veronicabradford9992@automatedsupply.clarionex.cv] #1 0x55a9662e86a2 <unknown>
[veronicabradford9992@automatedsupply.clarionex.cv] #2 0x55a9662cfd87 <unknown>
[veronicabradford9992@automatedsupply.clarionex.cv] #3 0x55a9662cf996 <unknown>
[veronicabradford9992@automatedsupply.clarionex.cv] #4 0x55a9662cd4a1 <unknown>
[veronicabradford9992@automatedsupply.clarionex.cv] #5 0x55a9662cde2f <unknown>
[veronicabradford9992@automatedsupply.clarionex.cv] #6 0x55a9662dd360 <unknown>
[veronicabradford9992@automatedsupply.clarionex.cv] #7 0x55a9662f7357 <unknown>
[veronicabradford9992@automatedsupply.clarionex.cv] #8 0x55a9662fe56b <unknown>
[veronicabradford9992@automatedsupply.clarionex.cv] #9 0x55a9662ce599 <unknown>
[veronicabradford9992@automatedsupply.clarionex.cv] #10 0x55a9662f6bba <unknown>
[veronicabradford9992@automatedsupply.clarionex.cv] #11 0x55a966386b68 <unknown>
[veronicabradford9992@automatedsupply.clarionex.cv] #12 0x55a96632f8b2 <unknown>
[veronicabradford9992@automatedsupply.clarionex.cv] #13 0x55a9663306a1 <unknown>
[veronicabradford9992@automatedsupply.clarionex.cv] #14 0x55a9668958d9 <unknown>
[veronicabradford9992@automatedsupply.clarionex.cv] #15 0x55a9668987e1 <unknown>
[veronicabradford9992@automatedsupply.clarionex.cv] #16 0x55a966881ed9 <unknown>
[veronicabradford9992@automatedsupply.clarionex.cv] #17 0x55a96689939e <unknown>
[veronicabradford9992@automatedsupply.clarionex.cv] #18 0x55a966868440 <unknown>
[veronicabradford9992@automatedsupply.clarionex.cv] #19 0x55a9668bd0f8 <unknown>
[veronicabradford9992@automatedsupply.clarionex.cv] #20 0x55a9668bd2cb <unknown>
[veronicabradford9992@automatedsupply.clarionex.cv] #21 0x55a9668cede8 <unknown>
[veronicabradford9992@automatedsupply.clarionex.cv] #22 0x7f0e7f5b0ac3 <unknown>
[veronicabradford9992@automatedsupply.clarionex.cv] 
[veronicabradford9992@automatedsupply.clarionex.cv] 2026-02-09 15:55:09,622 - ERROR - Traceback (most recent call last):
[veronicabradford9992@automatedsupply.clarionex.cv]   File "/opt/automation/do_automation.py", line 2565, in login_google
[veronicabradford9992@automatedsupply.clarionex.cv]     driver.get(login_url)
[veronicabradford9992@automatedsupply.clarionex.cv]   File "/usr/local/lib/python3.10/dist-packages/selenium/webdriver/remote/webdriver.py", line 356, in get
[veronicabradford9992@automatedsupply.clarionex.cv]     self.execute(Command.GET, {"url": url})
[veronicabradford9992@automatedsupply.clarionex.cv]   File "/usr/local/lib/python3.10/dist-packages/selenium/webdriver/remote/webdriver.py", line 347, in execute
[veronicabradford9992@automatedsupply.clarionex.cv]     self.error_handler.check_response(response)
[veronicabradford9992@automatedsupply.clarionex.cv]   File "/usr/local/lib/python3.10/dist-packages/selenium/webdriver/remote/errorhandler.py", line 229, in check_response
[veronicabradford9992@automatedsupply.clarionex.cv]     raise exception_class(message, screen, stacktrace)
[veronicabradford9992@automatedsupply.clarionex.cv] selenium.common.exceptions.TimeoutException: Message: timeout: Timed out receiving message from renderer: 73.425
[veronicabradford9992@automatedsupply.clarionex.cv]   (Session info: chrome=144.0.7559.132)
[veronicabradford9992@automatedsupply.clarionex.cv] Stacktrace:
[veronicabradford9992@automatedsupply.clarionex.cv] #0 0x55a9668cfa7a <unknown>
[veronicabradford9992@automatedsupply.clarionex.cv] #1 0x55a9662e86a2 <unknown>
[veronicabradford9992@automatedsupply.clarionex.cv] #2 0x55a9662cfd87 <unknown>
[veronicabradford9992@automatedsupply.clarionex.cv] #3 0x55a9662cf996 <unknown>
[veronicabradford9992@automatedsupply.clarionex.cv] #4 0x55a9662cd4a1 <unknown>
[veronicabradford9992@automatedsupply.clarionex.cv] #5 0x55a9662cde2f <unknown>
[veronicabradford9992@automatedsupply.clarionex.cv] #6 0x55a9662dd360 <unknown>
[veronicabradford9992@automatedsupply.clarionex.cv] #7 0x55a9662f7357 <unknown>
[veronicabradford9992@automatedsupply.clarionex.cv] #8 0x55a9662fe56b <unknown>
[veronicabradford9992@automatedsupply.clarionex.cv] #9 0x55a9662ce599 <unknown>
[veronicabradford9992@automatedsupply.clarionex.cv] #10 0x55a9662f6bba <unknown>
[veronicabradford9992@automatedsupply.clarionex.cv] #11 0x55a966386b68 <unknown>
[veronicabradford9992@automatedsupply.clarionex.cv] #12 0x55a96632f8b2 <unknown>
[veronicabradford9992@automatedsupply.clarionex.cv] #13 0x55a9663306a1 <unknown>
[veronicabradford9992@automatedsupply.clarionex.cv] #14 0x55a9668958d9 <unknown>
[veronicabradford9992@automatedsupply.clarionex.cv] #15 0x55a9668987e1 <unknown>
[veronicabradford9992@automatedsupply.clarionex.cv] #16 0x55a966881ed9 <unknown>
[veronicabradford9992@automatedsupply.clarionex.cv] #17 0x55a96689939e <unknown>
[veronicabradford9992@automatedsupply.clarionex.cv] #18 0x55a966868440 <unknown>
[veronicabradford9992@automatedsupply.clarionex.cv] #19 0x55a9668bd0f8 <unknown>
[veronicabradford9992@automatedsupply.clarionex.cv] #20 0x55a9668bd2cb <unknown>
[veronicabradford9992@automatedsupply.clarionex.cv] #21 0x55a9668cede8 <unknown>
[veronicabradford9992@automatedsupply.clarionex.cv] #22 0x7f0e7f5b0ac3 <unknown>
[veronicabradford9992@automatedsupply.clarionex.cv] 
[veronicabradford9992@automatedsupply.clarionex.cv] 
[veronicabradford9992@automatedsupply.clarionex.cv] 2026-02-09 15:56:10,721 - ERROR - [SCREENSHOT] Failed to capture screenshot: Message: timeout: Timed out receiving message from renderer: 10.000
[veronicabradford9992@automatedsupply.clarionex.cv]   (Session info: chrome=144.0.7559.132)
[veronicabradford9992@automatedsupply.clarionex.cv] Stacktrace:
[veronicabradford9992@automatedsupply.clarionex.cv] #0 0x55a9668cfa7a <unknown>
[veronicabradford9992@automatedsupply.clarionex.cv] #1 0x55a9662e86a2 <unknown>
[veronicabradford9992@automatedsupply.clarionex.cv] #2 0x55a9662cfd87 <unknown>
[veronicabradford9992@automatedsupply.clarionex.cv] #3 0x55a9662cf996 <unknown>
[veronicabradford9992@automatedsupply.clarionex.cv] #4 0x55a9662cd4a1 <unknown>
[veronicabradford9992@automatedsupply.clarionex.cv] #5 0x55a9662cde2f <unknown>
[veronicabradford9992@automatedsupply.clarionex.cv] #6 0x55a9662f7e29 <unknown>
[veronicabradford9992@automatedsupply.clarionex.cv] #7 0x55a966393ec1 <unknown>
[veronicabradford9992@automatedsupply.clarionex.cv] #8 0x55a9663867f0 <unknown>
[veronicabradford9992@automatedsupply.clarionex.cv] #9 0x55a96632f8b2 <unknown>
[veronicabradford9992@automatedsupply.clarionex.cv] #10 0x55a9663306a1 <unknown>
[veronicabradford9992@automatedsupply.clarionex.cv] #11 0x55a9668958d9 <unknown>
[veronicabradford9992@automatedsupply.clarionex.cv] #12 0x55a9668987e1 <unknown>
[veronicabradford9992@automatedsupply.clarionex.cv] #13 0x55a966881ed9 <unknown>
[veronicabradford9992@automatedsupply.clarionex.cv] #14 0x55a96689939e <unknown>
[veronicabradford9992@automatedsupply.clarionex.cv] #15 0x55a966868440 <unknown>
[veronicabradford9992@automatedsupply.clarionex.cv] #16 0x55a9668bd0f8 <unknown>
[veronicabradford9992@automatedsupply.clarionex.cv] #17 0x55a9668bd2cb <unknown>
[veronicabradford9992@automatedsupply.clarionex.cv] #18 0x55a9668cede8 <unknown>
[veronicabradford9992@automatedsupply.clarionex.cv] #19 0x7f0e7f5b0ac3 <unknown>
[veronicabradford9992@automatedsupply.clarionex.cv] 
[veronicabradford9992@automatedsupply.clarionex.cv] 2026-02-09 15:56:10,723 - WARNING - [LAMBDA] Login failed with error: navigation_failed - Message: timeout: Timed out receiving message from renderer: 73.425
[veronicabradford9992@automatedsupply.clarionex.cv]   (Session info: chrome=144.0.7559.132)
[veronicabradford9992@automatedsupply.clarionex.cv] Stacktrace:
[veronicabradford9992@automatedsupply.clarionex.cv] #0 0x55a9668cfa7a <unknown>
[veronicabradford9992@automatedsupply.clarionex.cv] #1 0x55a9662e86a2 <unknown>
[veronicabradford9992@automatedsupply.clarionex.cv] #2 0x55a9662cfd87 <unknown>
[veronicabradford9992@automatedsupply.clarionex.cv] #3 0x55a9662cf996 <unknown>
[veronicabradford9992@automatedsupply.clarionex.cv] #4 0x55a9662cd4a1 <unknown>
[veronicabradford9992@automatedsupply.clarionex.cv] #5 0x55a9662cde2f <unknown>
[veronicabradford9992@automatedsupply.clarionex.cv] #6 0x55a9662dd360 <unknown>
[veronicabradford9992@automatedsupply.clarionex.cv] #7 0x55a9662f7357 <unknown>
[veronicabradford9992@automatedsupply.clarionex.cv] #8 0x55a9662fe56b <unknown>
[veronicabradford9992@automatedsupply.clarionex.cv] #9 0x55a9662ce599 <unknown>
[veronicabradford9992@automatedsupply.clarionex.cv] #10 0x55a9662f6bba <unknown>
[veronicabradford9992@automatedsupply.clarionex.cv] #11 0x55a966386b68 <unknown>
[veronicabradford9992@automatedsupply.clarionex.cv] #12 0x55a96632f8b2 <unknown>
[veronicabradford9992@automatedsupply.clarionex.cv] #13 0x55a9663306a1 <unknown>
[veronicabradford9992@automatedsupply.clarionex.cv] #14 0x55a9668958d9 <unknown>
[veronicabradford9992@automatedsupply.clarionex.cv] #15 0x55a9668987e1 <unknown>
[veronicabradford9992@automatedsupply.clarionex.cv] #16 0x55a966881ed9 <unknown>
[veronicabradford9992@automatedsupply.clarionex.cv] #17 0x55a96689939e <unknown>
[veronicabradford9992@automatedsupply.clarionex.cv] #18 0x55a966868440 <unknown>
[veronicabradford9992@automatedsupply.clarionex.cv] #19 0x55a9668bd0f8 <unknown>
[veronicabradford9992@automatedsupply.clarionex.cv] #20 0x55a9668bd2cb <unknown>
[veronicabradford9992@automatedsupply.clarionex.cv] #21 0x55a9668cede8 <unknown>
[veronicabradford9992@automatedsupply.clarionex.cv] #22 0x7f0e7f5b0ac3 <unknown>
[veronicabradford9992@automatedsupply.clarionex.cv] 
[veronicabradford9992@automatedsupply.clarionex.cv] 2026-02-09 15:56:10,724 - WARNING - [LAMBDA] Retrying with fresh browser (Attempt 1/3)...
[veronicabradford9992@automatedsupply.clarionex.cv] 2026-02-09 15:56:11,721 - INFO - [LAMBDA] Restarting browser (Attempt 2/3)...
[veronicabradford9992@automatedsupply.clarionex.cv] 2026-02-09 15:56:11,722 - INFO - [ANTI-DETECT] selenium-stealth library loaded successfully
[veronicabradford9992@automatedsupply.clarionex.cv] 2026-02-09 15:56:11,723 - INFO - [BROWSER] Using cached paths - Chrome: /usr/bin/google-chrome, Driver: /usr/local/bin/chromedriver
[veronicabradford9992@automatedsupply.clarionex.cv] 2026-02-09 15:56:11,727 - INFO - [BROWSER] Contents of /opt: ['google', 'digitalocean', 'automation']
[veronicabradford9992@automatedsupply.clarionex.cv] 2026-02-09 15:56:11,807 - INFO - [BROWSER] Found Chrome binary at: /usr/bin/google-chrome
[veronicabradford9992@automatedsupply.clarionex.cv] 2026-02-09 15:56:11,839 - INFO - [BROWSER] Found ChromeDriver at: /usr/local/bin/chromedriver
[veronicabradford9992@automatedsupply.clarionex.cv] 2026-02-09 15:56:11,839 - INFO - [PROXY] Proxy disabled or not configured
[veronicabradford9992@automatedsupply.clarionex.cv] 2026-02-09 15:56:11,839 - INFO - [BROWSER] Starting Standard Selenium (Headless)...
[veronicabradford9992@automatedsupply.clarionex.cv] 2026-02-09 15:56:11,839 - INFO - [BROWSER] Binary: /usr/bin/google-chrome, Driver: /usr/local/bin/chromedriver
[veronicabradford9992@automatedsupply.clarionex.cv] 2026-02-09 15:57:27,409 - ERROR - [BROWSER] CRITICAL: Failed to create driver: Message: session not created
[veronicabradford9992@automatedsupply.clarionex.cv] from chrome not reachable
[veronicabradford9992@automatedsupply.clarionex.cv] Stacktrace:
[veronicabradford9992@automatedsupply.clarionex.cv] #0 0x557e38d58a7a <unknown>
[veronicabradford9992@automatedsupply.clarionex.cv] #1 0x557e38771390 <unknown>
[veronicabradford9992@automatedsupply.clarionex.cv] #2 0x557e3875cad8 <unknown>
[veronicabradford9992@automatedsupply.clarionex.cv] #3 0x557e387b456e <unknown>
[veronicabradford9992@automatedsupply.clarionex.cv] #4 0x557e387afc30 <unknown>
[veronicabradford9992@automatedsupply.clarionex.cv] #5 0x557e387a9ef9 <unknown>
[veronicabradford9992@automatedsupply.clarionex.cv] #6 0x557e387fc06e <unknown>
[veronicabradford9992@automatedsupply.clarionex.cv] #7 0x557e387fb75c <unknown>
[veronicabradford9992@automatedsupply.clarionex.cv] #8 0x557e387b88b2 <unknown>
[veronicabradford9992@automatedsupply.clarionex.cv] #9 0x557e387b96a1 <unknown>
[veronicabradford9992@automatedsupply.clarionex.cv] #10 0x557e38d1e8d9 <unknown>
[veronicabradford9992@automatedsupply.clarionex.cv] #11 0x557e38d217e1 <unknown>
[veronicabradford9992@automatedsupply.clarionex.cv] #12 0x557e38d0aed9 <unknown>
[veronicabradford9992@automatedsupply.clarionex.cv] #13 0x557e38d2239e <unknown>
[veronicabradford9992@automatedsupply.clarionex.cv] #14 0x557e38cf1440 <unknown>
[veronicabradford9992@automatedsupply.clarionex.cv] #15 0x557e38d460f8 <unknown>
[veronicabradford9992@automatedsupply.clarionex.cv] #16 0x557e38d462cb <unknown>
[veronicabradford9992@automatedsupply.clarionex.cv] #17 0x557e38d57de8 <unknown>
[veronicabradford9992@automatedsupply.clarionex.cv] #18 0x7f239467dac3 <unknown>
[veronicabradford9992@automatedsupply.clarionex.cv] 
[veronicabradford9992@automatedsupply.clarionex.cv] 2026-02-09 15:57:27,457 - ERROR - Traceback (most recent call last):
[veronicabradford9992@automatedsupply.clarionex.cv]   File "/opt/automation/do_automation.py", line 400, in get_chrome_driver
[veronicabradford9992@automatedsupply.clarionex.cv]     driver = webdriver.Chrome(service=service, options=chrome_options)
[veronicabradford9992@automatedsupply.clarionex.cv]   File "/usr/local/lib/python3.10/dist-packages/selenium/webdriver/chrome/webdriver.py", line 45, in __init__
[veronicabradford9992@automatedsupply.clarionex.cv]     super().__init__(
[veronicabradford9992@automatedsupply.clarionex.cv]   File "/usr/local/lib/python3.10/dist-packages/selenium/webdriver/chromium/webdriver.py", line 56, in __init__
[veronicabradford9992@automatedsupply.clarionex.cv]     super().__init__(
[veronicabradford9992@automatedsupply.clarionex.cv]   File "/usr/local/lib/python3.10/dist-packages/selenium/webdriver/remote/webdriver.py", line 208, in __init__
[veronicabradford9992@automatedsupply.clarionex.cv]     self.start_session(capabilities)
[veronicabradford9992@automatedsupply.clarionex.cv]   File "/usr/local/lib/python3.10/dist-packages/selenium/webdriver/remote/webdriver.py", line 292, in start_session
[veronicabradford9992@automatedsupply.clarionex.cv]     response = self.execute(Command.NEW_SESSION, caps)["value"]
[veronicabradford9992@automatedsupply.clarionex.cv]   File "/usr/local/lib/python3.10/dist-packages/selenium/webdriver/remote/webdriver.py", line 347, in execute
[veronicabradford9992@automatedsupply.clarionex.cv]     self.error_handler.check_response(response)
[veronicabradford9992@automatedsupply.clarionex.cv]   File "/usr/local/lib/python3.10/dist-packages/selenium/webdriver/remote/errorhandler.py", line 229, in check_response
[veronicabradford9992@automatedsupply.clarionex.cv]     raise exception_class(message, screen, stacktrace)
[veronicabradford9992@automatedsupply.clarionex.cv] selenium.common.exceptions.SessionNotCreatedException: Message: session not created
[veronicabradford9992@automatedsupply.clarionex.cv] from chrome not reachable
[veronicabradford9992@automatedsupply.clarionex.cv] Stacktrace:
[veronicabradford9992@automatedsupply.clarionex.cv] #0 0x557e38d58a7a <unknown>
[veronicabradford9992@automatedsupply.clarionex.cv] #1 0x557e38771390 <unknown>
[veronicabradford9992@automatedsupply.clarionex.cv] #2 0x557e3875cad8 <unknown>
[veronicabradford9992@automatedsupply.clarionex.cv] #3 0x557e387b456e <unknown>
[veronicabradford9992@automatedsupply.clarionex.cv] #4 0x557e387afc30 <unknown>
[veronicabradford9992@automatedsupply.clarionex.cv] #5 0x557e387a9ef9 <unknown>
[veronicabradford9992@automatedsupply.clarionex.cv] #6 0x557e387fc06e <unknown>
[veronicabradford9992@automatedsupply.clarionex.cv] #7 0x557e387fb75c <unknown>
[veronicabradford9992@automatedsupply.clarionex.cv] #8 0x557e387b88b2 <unknown>
[veronicabradford9992@automatedsupply.clarionex.cv] #9 0x557e387b96a1 <unknown>
[veronicabradford9992@automatedsupply.clarionex.cv] #10 0x557e38d1e8d9 <unknown>
[veronicabradford9992@automatedsupply.clarionex.cv] #11 0x557e38d217e1 <unknown>
[veronicabradford9992@automatedsupply.clarionex.cv] #12 0x557e38d0aed9 <unknown>
[veronicabradford9992@automatedsupply.clarionex.cv] #13 0x557e38d2239e <unknown>
[veronicabradford9992@automatedsupply.clarionex.cv] #14 0x557e38cf1440 <unknown>
[veronicabradford9992@automatedsupply.clarionex.cv] #15 0x557e38d460f8 <unknown>
[veronicabradford9992@automatedsupply.clarionex.cv] #16 0x557e38d462cb <unknown>
[veronicabradford9992@automatedsupply.clarionex.cv] #17 0x557e38d57de8 <unknown>
[veronicabradford9992@automatedsupply.clarionex.cv] #18 0x7f239467dac3 <unknown>
[veronicabradford9992@automatedsupply.clarionex.cv] 
[veronicabradford9992@automatedsupply.clarionex.cv] 
[veronicabradford9992@automatedsupply.clarionex.cv] 2026-02-09 15:57:27,457 - ERROR - [LAMBDA] Exception during browser attempt 2: Message: session not created
[veronicabradford9992@automatedsupply.clarionex.cv] from chrome not reachable
[veronicabradford9992@automatedsupply.clarionex.cv] Stacktrace:
[veronicabradford9992@automatedsupply.clarionex.cv] #0 0x557e38d58a7a <unknown>
[veronicabradford9992@automatedsupply.clarionex.cv] #1 0x557e38771390 <unknown>
[veronicabradford9992@automatedsupply.clarionex.cv] #2 0x557e3875cad8 <unknown>
[veronicabradford9992@automatedsupply.clarionex.cv] #3 0x557e387b456e <unknown>
[veronicabradford9992@automatedsupply.clarionex.cv] #4 0x557e387afc30 <unknown>
[veronicabradford9992@automatedsupply.clarionex.cv] #5 0x557e387a9ef9 <unknown>
[veronicabradford9992@automatedsupply.clarionex.cv] #6 0x557e387fc06e <unknown>
[veronicabradford9992@automatedsupply.clarionex.cv] #7 0x557e387fb75c <unknown>
[veronicabradford9992@automatedsupply.clarionex.cv] #8 0x557e387b88b2 <unknown>
[veronicabradford9992@automatedsupply.clarionex.cv] #9 0x557e387b96a1 <unknown>
[veronicabradford9992@automatedsupply.clarionex.cv] #10 0x557e38d1e8d9 <unknown>
[veronicabradford9992@automatedsupply.clarionex.cv] #11 0x557e38d217e1 <unknown>
[veronicabradford9992@automatedsupply.clarionex.cv] #12 0x557e38d0aed9 <unknown>
[veronicabradford9992@automatedsupply.clarionex.cv] #13 0x557e38d2239e <unknown>
[veronicabradford9992@automatedsupply.clarionex.cv] #14 0x557e38cf1440 <unknown>
[veronicabradford9992@automatedsupply.clarionex.cv] #15 0x557e38d460f8 <unknown>
[veronicabradford9992@automatedsupply.clarionex.cv] #16 0x557e38d462cb <unknown>
[veronicabradford9992@automatedsupply.clarionex.cv] #17 0x557e38d57de8 <unknown>
[veronicabradford9992@automatedsupply.clarionex.cv] #18 0x7f239467dac3 <unknown>
[veronicabradford9992@automatedsupply.clarionex.cv] 
[veronicabradford9992@automatedsupply.clarionex.cv] 2026-02-09 15:57:29,636 - INFO - [LAMBDA] Restarting browser (Attempt 3/3)...
[veronicabradford9992@automatedsupply.clarionex.cv] 2026-02-09 15:57:29,764 - INFO - [ANTI-DETECT] selenium-stealth library loaded successfully
[veronicabradford9992@automatedsupply.clarionex.cv] 2026-02-09 15:57:29,765 - INFO - [BROWSER] Using cached paths - Chrome: /usr/bin/google-chrome, Driver: /usr/local/bin/chromedriver
[veronicabradford9992@automatedsupply.clarionex.cv] 2026-02-09 15:57:29,765 - INFO - [BROWSER] Contents of /opt: ['google', 'automation']
[veronicabradford9992@automatedsupply.clarionex.cv] 2026-02-09 15:57:29,802 - INFO - [BROWSER] Found Chrome binary at: /usr/bin/google-chrome
[veronicabradford9992@automatedsupply.clarionex.cv] 2026-02-09 15:57:29,803 - INFO - [BROWSER] Found ChromeDriver at: /usr/local/bin/chromedriver
[veronicabradford9992@automatedsupply.clarionex.cv] 2026-02-09 15:57:29,803 - INFO - [PROXY] Proxy disabled or not configured
[veronicabradford9992@automatedsupply.clarionex.cv] 2026-02-09 15:57:29,803 - INFO - [BROWSER] Starting Standard Selenium (Headless)...
[veronicabradford9992@automatedsupply.clarionex.cv] 2026-02-09 15:57:29,803 - INFO - [BROWSER] Binary: /usr/bin/google-chrome, Driver: /usr/local/bin/chromedriver
[veronicabradford9992@automatedsupply.clarionex.cv] 2026-02-09 15:58:46,741 - ERROR - [BROWSER] CRITICAL: Failed to create driver: Message: session not created: DevToolsActivePort file doesn't exist
[veronicabradford9992@automatedsupply.clarionex.cv] Stacktrace:
[veronicabradford9992@automatedsupply.clarionex.cv] #0 0x563b82437a7a <unknown>
[veronicabradford9992@automatedsupply.clarionex.cv] #1 0x563b81e506a2 <unknown>
[veronicabradford9992@automatedsupply.clarionex.cv] #2 0x563b81e92cb3 <unknown>
[veronicabradford9992@automatedsupply.clarionex.cv] #3 0x563b81e8ea12 <unknown>
[veronicabradford9992@automatedsupply.clarionex.cv] #4 0x563b81e88ef9 <unknown>
[veronicabradford9992@automatedsupply.clarionex.cv] #5 0x563b81edb06e <unknown>
[veronicabradford9992@automatedsupply.clarionex.cv] #6 0x563b81eda75c <unknown>
[veronicabradford9992@automatedsupply.clarionex.cv] #7 0x563b81e978b2 <unknown>
[veronicabradford9992@automatedsupply.clarionex.cv] #8 0x563b81e986a1 <unknown>
[veronicabradford9992@automatedsupply.clarionex.cv] #9 0x563b823fd8d9 <unknown>
[veronicabradford9992@automatedsupply.clarionex.cv] #10 0x563b824007e1 <unknown>
[veronicabradford9992@automatedsupply.clarionex.cv] #11 0x563b823e9ed9 <unknown>
[veronicabradford9992@automatedsupply.clarionex.cv] #12 0x563b8240139e <unknown>
[veronicabradford9992@automatedsupply.clarionex.cv] #13 0x563b823d0440 <unknown>
[veronicabradford9992@automatedsupply.clarionex.cv] #14 0x563b824250f8 <unknown>
[veronicabradford9992@automatedsupply.clarionex.cv] #15 0x563b824252cb <unknown>
[veronicabradford9992@automatedsupply.clarionex.cv] #16 0x563b82436de8 <unknown>
[veronicabradford9992@automatedsupply.clarionex.cv] #17 0x7f1584e39ac3 <unknown>
[veronicabradford9992@automatedsupply.clarionex.cv] 
[veronicabradford9992@automatedsupply.clarionex.cv] 2026-02-09 15:58:46,742 - ERROR - Traceback (most recent call last):
[veronicabradford9992@automatedsupply.clarionex.cv]   File "/opt/automation/do_automation.py", line 400, in get_chrome_driver
[veronicabradford9992@automatedsupply.clarionex.cv]     driver = webdriver.Chrome(service=service, options=chrome_options)
[veronicabradford9992@automatedsupply.clarionex.cv]   File "/usr/local/lib/python3.10/dist-packages/selenium/webdriver/chrome/webdriver.py", line 45, in __init__
[veronicabradford9992@automatedsupply.clarionex.cv]     super().__init__(
[veronicabradford9992@automatedsupply.clarionex.cv]   File "/usr/local/lib/python3.10/dist-packages/selenium/webdriver/chromium/webdriver.py", line 56, in __init__
[veronicabradford9992@automatedsupply.clarionex.cv]     super().__init__(
[veronicabradford9992@automatedsupply.clarionex.cv]   File "/usr/local/lib/python3.10/dist-packages/selenium/webdriver/remote/webdriver.py", line 208, in __init__
[veronicabradford9992@automatedsupply.clarionex.cv]     self.start_session(capabilities)
[veronicabradford9992@automatedsupply.clarionex.cv]   File "/usr/local/lib/python3.10/dist-packages/selenium/webdriver/remote/webdriver.py", line 292, in start_session
[veronicabradford9992@automatedsupply.clarionex.cv]     response = self.execute(Command.NEW_SESSION, caps)["value"]
[veronicabradford9992@automatedsupply.clarionex.cv]   File "/usr/local/lib/python3.10/dist-packages/selenium/webdriver/remote/webdriver.py", line 347, in execute
[veronicabradford9992@automatedsupply.clarionex.cv]     self.error_handler.check_response(response)
[veronicabradford9992@automatedsupply.clarionex.cv]   File "/usr/local/lib/python3.10/dist-packages/selenium/webdriver/remote/errorhandler.py", line 229, in check_response
[veronicabradford9992@automatedsupply.clarionex.cv]     raise exception_class(message, screen, stacktrace)
[veronicabradford9992@automatedsupply.clarionex.cv] selenium.common.exceptions.SessionNotCreatedException: Message: session not created: DevToolsActivePort file doesn't exist
[veronicabradford9992@automatedsupply.clarionex.cv] Stacktrace:
[veronicabradford9992@automatedsupply.clarionex.cv] #0 0x563b82437a7a <unknown>
[veronicabradford9992@automatedsupply.clarionex.cv] #1 0x563b81e506a2 <unknown>
[veronicabradford9992@automatedsupply.clarionex.cv] #2 0x563b81e92cb3 <unknown>
[veronicabradford9992@automatedsupply.clarionex.cv] #3 0x563b81e8ea12 <unknown>
[veronicabradford9992@automatedsupply.clarionex.cv] #4 0x563b81e88ef9 <unknown>
[veronicabradford9992@automatedsupply.clarionex.cv] #5 0x563b81edb06e <unknown>
[veronicabradford9992@automatedsupply.clarionex.cv] #6 0x563b81eda75c <unknown>
[veronicabradford9992@automatedsupply.clarionex.cv] #7 0x563b81e978b2 <unknown>
[veronicabradford9992@automatedsupply.clarionex.cv] #8 0x563b81e986a1 <unknown>
[veronicabradford9992@automatedsupply.clarionex.cv] #9 0x563b823fd8d9 <unknown>
[veronicabradford9992@automatedsupply.clarionex.cv] #10 0x563b824007e1 <unknown>
[veronicabradford9992@automatedsupply.clarionex.cv] #11 0x563b823e9ed9 <unknown>
[veronicabradford9992@automatedsupply.clarionex.cv] #12 0x563b8240139e <unknown>
[veronicabradford9992@automatedsupply.clarionex.cv] #13 0x563b823d0440 <unknown>
[veronicabradford9992@automatedsupply.clarionex.cv] #14 0x563b824250f8 <unknown>
[veronicabradford9992@automatedsupply.clarionex.cv] #15 0x563b824252cb <unknown>
[veronicabradford9992@automatedsupply.clarionex.cv] #16 0x563b82436de8 <unknown>
[veronicabradford9992@automatedsupply.clarionex.cv] #17 0x7f1584e39ac3 <unknown>
[veronicabradford9992@automatedsupply.clarionex.cv] 
[veronicabradford9992@automatedsupply.clarionex.cv] 
[veronicabradford9992@automatedsupply.clarionex.cv] 2026-02-09 15:58:46,742 - ERROR - [LAMBDA] Exception during browser attempt 3: Message: session not created: DevToolsActivePort file doesn't exist
[veronicabradford9992@automatedsupply.clarionex.cv] Stacktrace:
[veronicabradford9992@automatedsupply.clarionex.cv] #0 0x563b82437a7a <unknown>
[veronicabradford9992@automatedsupply.clarionex.cv] #1 0x563b81e506a2 <unknown>
[veronicabradford9992@automatedsupply.clarionex.cv] #2 0x563b81e92cb3 <unknown>
[veronicabradford9992@automatedsupply.clarionex.cv] #3 0x563b81e8ea12 <unknown>
[veronicabradford9992@automatedsupply.clarionex.cv] #4 0x563b81e88ef9 <unknown>
[veronicabradford9992@automatedsupply.clarionex.cv] #5 0x563b81edb06e <unknown>
[veronicabradford9992@automatedsupply.clarionex.cv] #6 0x563b81eda75c <unknown>
[veronicabradford9992@automatedsupply.clarionex.cv] #7 0x563b81e978b2 <unknown>
[veronicabradford9992@automatedsupply.clarionex.cv] #8 0x563b81e986a1 <unknown>
[veronicabradford9992@automatedsupply.clarionex.cv] #9 0x563b823fd8d9 <unknown>
[veronicabradford9992@automatedsupply.clarionex.cv] #10 0x563b824007e1 <unknown>
[veronicabradford9992@automatedsupply.clarionex.cv] #11 0x563b823e9ed9 <unknown>
[veronicabradford9992@automatedsupply.clarionex.cv] #12 0x563b8240139e <unknown>
[veronicabradford9992@automatedsupply.clarionex.cv] #13 0x563b823d0440 <unknown>
[veronicabradford9992@automatedsupply.clarionex.cv] #14 0x563b824250f8 <unknown>
[veronicabradford9992@automatedsupply.clarionex.cv] #15 0x563b824252cb <unknown>
[veronicabradford9992@automatedsupply.clarionex.cv] #16 0x563b82436de8 <unknown>
[veronicabradford9992@automatedsupply.clarionex.cv] #17 0x7f1584e39ac3 <unknown>
[veronicabradford9992@automatedsupply.clarionex.cv] 
[veronicabradford9992@automatedsupply.clarionex.cv] <JSON_RESULT>{"email": "veronicabradford9992@automatedsupply.clarionex.cv", "status": "failed", "step_completed": "login", "error_step": "login", "error_message": "Max browser retries reached: Message: session not created: DevToolsActivePort file doesn't exist\nStacktrace:\n#0 0x563b82437a7a <unknown>\n#1 0x563b81e506a2 <unknown>\n#2 0x563b81e92cb3 <unknown>\n#3 0x563b81e8ea12 <unknown>\n#4 0x563b81e88ef9 <unknown>\n#5 0x563b81edb06e <unknown>\n#6 0x563b81eda75c <unknown>\n#7 0x563b81e978b2 <unknown>\n#8 0x563b81e986a1 <unknown>\n#9 0x563b823fd8d9 <unknown>\n#10 0x563b824007e1 <unknown>\n#11 0x563b823e9ed9 <unknown>\n#12 0x563b8240139e <unknown>\n#13 0x563b823d0440 <unknown>\n#14 0x563b824250f8 <unknown>\n#15 0x563b824252cb <unknown>\n#16 0x563b82436de8 <unknown>\n#17 0x7f1584e39ac3 <unknown>\n", "app_password": null, "secret_key": null, "timings": {"driver_init": 13.13, "login": 188.56}}</JSON_RESULT>
[aaronrivers6555@automatedsupply.clarionex.cv] [2026-02-09T15:59:05.121986] Preparing remote directory on 46.101.215.193...
[sherryprice0396@lauraneumann.mywire.org] --- SCRIPT INITIALIZING ---
[sherryprice0396@lauraneumann.mywire.org] 2026-02-09 15:52:47,151 - INFO - [ANTI-DETECT] selenium-stealth library loaded successfully
[sherryprice0396@lauraneumann.mywire.org] 2026-02-09 15:52:47,151 - INFO - [BROWSER] Checking /opt directory contents...
[sherryprice0396@lauraneumann.mywire.org] 2026-02-09 15:52:47,151 - INFO - [BROWSER] Contents of /opt: ['google', 'digitalocean', 'automation']
[sherryprice0396@lauraneumann.mywire.org] 2026-02-09 15:52:47,151 - INFO - [BROWSER] Found Chrome binary at: /usr/bin/google-chrome
[sherryprice0396@lauraneumann.mywire.org] 2026-02-09 15:52:47,151 - INFO - [BROWSER] Found ChromeDriver at: /usr/local/bin/chromedriver
[sherryprice0396@lauraneumann.mywire.org] 2026-02-09 15:52:47,151 - INFO - [PROXY] Proxy disabled or not configured
[sherryprice0396@lauraneumann.mywire.org] 2026-02-09 15:52:47,151 - INFO - [BROWSER] Starting Standard Selenium (Headless)...
[sherryprice0396@lauraneumann.mywire.org] 2026-02-09 15:52:47,151 - INFO - [BROWSER] Binary: /usr/bin/google-chrome, Driver: /usr/local/bin/chromedriver
[sherryprice0396@lauraneumann.mywire.org] 2026-02-09 15:52:54,317 - INFO - [BROWSER] ✓ Standard selenium driver started
[sherryprice0396@lauraneumann.mywire.org] 2026-02-09 15:52:57,484 - INFO - [ANTI-DETECT] ✓ selenium-stealth applied
[sherryprice0396@lauraneumann.mywire.org] 2026-02-09 15:52:57,489 - INFO - [BROWSER] ✓ Browser initialization complete
[sherryprice0396@lauraneumann.mywire.org] 2026-02-09 15:52:57,489 - INFO - [LAMBDA] Chrome driver started for sherryprice0396@lauraneumann.mywire.org
[sherryprice0396@lauraneumann.mywire.org] 2026-02-09 15:52:57,489 - INFO - [STEP] Login started for sherryprice0396@lauraneumann.mywire.org
[sherryprice0396@lauraneumann.mywire.org] 2026-02-09 15:52:57,489 - INFO - [STEP] Navigating to Google login page (English)...
[sherryprice0396@lauraneumann.mywire.org] 2026-02-09 15:55:04,745 - ERROR - [STEP] Navigation failed: Message: timeout: Timed out receiving message from renderer: 100.048
[sherryprice0396@lauraneumann.mywire.org]   (Session info: chrome=144.0.7559.132)
[sherryprice0396@lauraneumann.mywire.org] Stacktrace:
[sherryprice0396@lauraneumann.mywire.org] #0 0x5571acdcda7a <unknown>
[sherryprice0396@lauraneumann.mywire.org] #1 0x5571ac7e66a2 <unknown>
[sherryprice0396@lauraneumann.mywire.org] #2 0x5571ac7cdd87 <unknown>
[sherryprice0396@lauraneumann.mywire.org] #3 0x5571ac7cd996 <unknown>
[sherryprice0396@lauraneumann.mywire.org] #4 0x5571ac7cb4a1 <unknown>
[sherryprice0396@lauraneumann.mywire.org] #5 0x5571ac7cbe2f <unknown>
[sherryprice0396@lauraneumann.mywire.org] #6 0x5571ac7db360 <unknown>
[sherryprice0396@lauraneumann.mywire.org] #7 0x5571ac7f5357 <unknown>
[sherryprice0396@lauraneumann.mywire.org] #8 0x5571ac7fc56b <unknown>
[sherryprice0396@lauraneumann.mywire.org] #9 0x5571ac7cc599 <unknown>
[sherryprice0396@lauraneumann.mywire.org] #10 0x5571ac7f4bba <unknown>
[sherryprice0396@lauraneumann.mywire.org] #11 0x5571ac884b68 <unknown>
[sherryprice0396@lauraneumann.mywire.org] #12 0x5571ac82d8b2 <unknown>
[sherryprice0396@lauraneumann.mywire.org] #13 0x5571ac82e6a1 <unknown>
[sherryprice0396@lauraneumann.mywire.org] #14 0x5571acd938d9 <unknown>
[sherryprice0396@lauraneumann.mywire.org] #15 0x5571acd967e1 <unknown>
[sherryprice0396@lauraneumann.mywire.org] #16 0x5571acd7fed9 <unknown>
[sherryprice0396@lauraneumann.mywire.org] #17 0x5571acd9739e <unknown>
[sherryprice0396@lauraneumann.mywire.org] #18 0x5571acd66440 <unknown>
[sherryprice0396@lauraneumann.mywire.org] #19 0x5571acdbb0f8 <unknown>
[sherryprice0396@lauraneumann.mywire.org] #20 0x5571acdbb2cb <unknown>
[sherryprice0396@lauraneumann.mywire.org] #21 0x5571acdccde8 <unknown>
[sherryprice0396@lauraneumann.mywire.org] #22 0x7f5a76740ac3 <unknown>
[sherryprice0396@lauraneumann.mywire.org] 
[sherryprice0396@lauraneumann.mywire.org] 2026-02-09 15:55:04,953 - ERROR - Traceback (most recent call last):
[sherryprice0396@lauraneumann.mywire.org]   File "/opt/automation/do_automation.py", line 2565, in login_google
[sherryprice0396@lauraneumann.mywire.org]     driver.get(login_url)
[sherryprice0396@lauraneumann.mywire.org]   File "/usr/local/lib/python3.10/dist-packages/selenium/webdriver/remote/webdriver.py", line 356, in get
[sherryprice0396@lauraneumann.mywire.org]     self.execute(Command.GET, {"url": url})
[sherryprice0396@lauraneumann.mywire.org]   File "/usr/local/lib/python3.10/dist-packages/selenium/webdriver/remote/webdriver.py", line 347, in execute
[sherryprice0396@lauraneumann.mywire.org]     self.error_handler.check_response(response)
[sherryprice0396@lauraneumann.mywire.org]   File "/usr/local/lib/python3.10/dist-packages/selenium/webdriver/remote/errorhandler.py", line 229, in check_response
[sherryprice0396@lauraneumann.mywire.org]     raise exception_class(message, screen, stacktrace)
[sherryprice0396@lauraneumann.mywire.org] selenium.common.exceptions.TimeoutException: Message: timeout: Timed out receiving message from renderer: 100.048
[sherryprice0396@lauraneumann.mywire.org]   (Session info: chrome=144.0.7559.132)
[sherryprice0396@lauraneumann.mywire.org] Stacktrace:
[sherryprice0396@lauraneumann.mywire.org] #0 0x5571acdcda7a <unknown>
[sherryprice0396@lauraneumann.mywire.org] #1 0x5571ac7e66a2 <unknown>
[sherryprice0396@lauraneumann.mywire.org] #2 0x5571ac7cdd87 <unknown>
[sherryprice0396@lauraneumann.mywire.org] #3 0x5571ac7cd996 <unknown>
[sherryprice0396@lauraneumann.mywire.org] #4 0x5571ac7cb4a1 <unknown>
[sherryprice0396@lauraneumann.mywire.org] #5 0x5571ac7cbe2f <unknown>
[sherryprice0396@lauraneumann.mywire.org] #6 0x5571ac7db360 <unknown>
[sherryprice0396@lauraneumann.mywire.org] #7 0x5571ac7f5357 <unknown>
[sherryprice0396@lauraneumann.mywire.org] #8 0x5571ac7fc56b <unknown>
[sherryprice0396@lauraneumann.mywire.org] #9 0x5571ac7cc599 <unknown>
[sherryprice0396@lauraneumann.mywire.org] #10 0x5571ac7f4bba <unknown>
[sherryprice0396@lauraneumann.mywire.org] #11 0x5571ac884b68 <unknown>
[sherryprice0396@lauraneumann.mywire.org] #12 0x5571ac82d8b2 <unknown>
[sherryprice0396@lauraneumann.mywire.org] #13 0x5571ac82e6a1 <unknown>
[sherryprice0396@lauraneumann.mywire.org] #14 0x5571acd938d9 <unknown>
[sherryprice0396@lauraneumann.mywire.org] #15 0x5571acd967e1 <unknown>
[sherryprice0396@lauraneumann.mywire.org] #16 0x5571acd7fed9 <unknown>
[sherryprice0396@lauraneumann.mywire.org] #17 0x5571acd9739e <unknown>
[sherryprice0396@lauraneumann.mywire.org] #18 0x5571acd66440 <unknown>
[sherryprice0396@lauraneumann.mywire.org] #19 0x5571acdbb0f8 <unknown>
[sherryprice0396@lauraneumann.mywire.org] #20 0x5571acdbb2cb <unknown>
[sherryprice0396@lauraneumann.mywire.org] #21 0x5571acdccde8 <unknown>
[sherryprice0396@lauraneumann.mywire.org] #22 0x7f5a76740ac3 <unknown>
[sherryprice0396@lauraneumann.mywire.org] 
[sherryprice0396@lauraneumann.mywire.org] 
[sherryprice0396@lauraneumann.mywire.org] 2026-02-09 15:56:08,805 - ERROR - [SCREENSHOT] Failed to capture screenshot: Message: timeout: Timed out receiving message from renderer: 10.000
[sherryprice0396@lauraneumann.mywire.org]   (Session info: chrome=144.0.7559.132)
[sherryprice0396@lauraneumann.mywire.org] Stacktrace:
[sherryprice0396@lauraneumann.mywire.org] #0 0x5571acdcda7a <unknown>
[sherryprice0396@lauraneumann.mywire.org] #1 0x5571ac7e66a2 <unknown>
[sherryprice0396@lauraneumann.mywire.org] #2 0x5571ac7cdd87 <unknown>
[sherryprice0396@lauraneumann.mywire.org] #3 0x5571ac7cd996 <unknown>
[sherryprice0396@lauraneumann.mywire.org] #4 0x5571ac7cb4a1 <unknown>
[sherryprice0396@lauraneumann.mywire.org] #5 0x5571ac7cbe2f <unknown>
[sherryprice0396@lauraneumann.mywire.org] #6 0x5571ac7f5e29 <unknown>
[sherryprice0396@lauraneumann.mywire.org] #7 0x5571ac891ec1 <unknown>
[sherryprice0396@lauraneumann.mywire.org] #8 0x5571ac8847f0 <unknown>
[sherryprice0396@lauraneumann.mywire.org] #9 0x5571ac82d8b2 <unknown>
[sherryprice0396@lauraneumann.mywire.org] #10 0x5571ac82e6a1 <unknown>
[sherryprice0396@lauraneumann.mywire.org] #11 0x5571acd938d9 <unknown>
[sherryprice0396@lauraneumann.mywire.org] #12 0x5571acd967e1 <unknown>
[sherryprice0396@lauraneumann.mywire.org] #13 0x5571acd7fed9 <unknown>
[sherryprice0396@lauraneumann.mywire.org] #14 0x5571acd9739e <unknown>
[sherryprice0396@lauraneumann.mywire.org] #15 0x5571acd66440 <unknown>
[sherryprice0396@lauraneumann.mywire.org] #16 0x5571acdbb0f8 <unknown>
[sherryprice0396@lauraneumann.mywire.org] #17 0x5571acdbb2cb <unknown>
[sherryprice0396@lauraneumann.mywire.org] #18 0x5571acdccde8 <unknown>
[sherryprice0396@lauraneumann.mywire.org] #19 0x7f5a76740ac3 <unknown>
[sherryprice0396@lauraneumann.mywire.org] 
[sherryprice0396@lauraneumann.mywire.org] 2026-02-09 15:56:08,810 - WARNING - [LAMBDA] Login failed with error: navigation_failed - Message: timeout: Timed out receiving message from renderer: 100.048
[sherryprice0396@lauraneumann.mywire.org]   (Session info: chrome=144.0.7559.132)
[sherryprice0396@lauraneumann.mywire.org] Stacktrace:
[sherryprice0396@lauraneumann.mywire.org] #0 0x5571acdcda7a <unknown>
[sherryprice0396@lauraneumann.mywire.org] #1 0x5571ac7e66a2 <unknown>
[sherryprice0396@lauraneumann.mywire.org] #2 0x5571ac7cdd87 <unknown>
[sherryprice0396@lauraneumann.mywire.org] #3 0x5571ac7cd996 <unknown>
[sherryprice0396@lauraneumann.mywire.org] #4 0x5571ac7cb4a1 <unknown>
[sherryprice0396@lauraneumann.mywire.org] #5 0x5571ac7cbe2f <unknown>
[sherryprice0396@lauraneumann.mywire.org] #6 0x5571ac7db360 <unknown>
[sherryprice0396@lauraneumann.mywire.org] #7 0x5571ac7f5357 <unknown>
[sherryprice0396@lauraneumann.mywire.org] #8 0x5571ac7fc56b <unknown>
[sherryprice0396@lauraneumann.mywire.org] #9 0x5571ac7cc599 <unknown>
[sherryprice0396@lauraneumann.mywire.org] #10 0x5571ac7f4bba <unknown>
[sherryprice0396@lauraneumann.mywire.org] #11 0x5571ac884b68 <unknown>
[sherryprice0396@lauraneumann.mywire.org] #12 0x5571ac82d8b2 <unknown>
[sherryprice0396@lauraneumann.mywire.org] #13 0x5571ac82e6a1 <unknown>
[sherryprice0396@lauraneumann.mywire.org] #14 0x5571acd938d9 <unknown>
[sherryprice0396@lauraneumann.mywire.org] #15 0x5571acd967e1 <unknown>
[sherryprice0396@lauraneumann.mywire.org] #16 0x5571acd7fed9 <unknown>
[sherryprice0396@lauraneumann.mywire.org] #17 0x5571acd9739e <unknown>
[sherryprice0396@lauraneumann.mywire.org] #18 0x5571acd66440 <unknown>
[sherryprice0396@lauraneumann.mywire.org] #19 0x5571acdbb0f8 <unknown>
[sherryprice0396@lauraneumann.mywire.org] #20 0x5571acdbb2cb <unknown>
[sherryprice0396@lauraneumann.mywire.org] #21 0x5571acdccde8 <unknown>
[sherryprice0396@lauraneumann.mywire.org] #22 0x7f5a76740ac3 <unknown>
[sherryprice0396@lauraneumann.mywire.org] 
[sherryprice0396@lauraneumann.mywire.org] 2026-02-09 15:56:08,810 - WARNING - [LAMBDA] Retrying with fresh browser (Attempt 1/3)...
[sherryprice0396@lauraneumann.mywire.org] 2026-02-09 15:56:11,827 - INFO - [LAMBDA] Restarting browser (Attempt 2/3)...
[sherryprice0396@lauraneumann.mywire.org] 2026-02-09 15:56:11,828 - INFO - [ANTI-DETECT] selenium-stealth library loaded successfully
[sherryprice0396@lauraneumann.mywire.org] 2026-02-09 15:56:11,828 - INFO - [BROWSER] Using cached paths - Chrome: /usr/bin/google-chrome, Driver: /usr/local/bin/chromedriver
[sherryprice0396@lauraneumann.mywire.org] 2026-02-09 15:56:11,828 - INFO - [BROWSER] Contents of /opt: ['google', 'digitalocean', 'automation']
[sherryprice0396@lauraneumann.mywire.org] 2026-02-09 15:56:11,828 - INFO - [BROWSER] Found Chrome binary at: /usr/bin/google-chrome
[sherryprice0396@lauraneumann.mywire.org] 2026-02-09 15:56:11,839 - INFO - [BROWSER] Found ChromeDriver at: /usr/local/bin/chromedriver
[sherryprice0396@lauraneumann.mywire.org] 2026-02-09 15:56:11,839 - INFO - [PROXY] Proxy disabled or not configured
[sherryprice0396@lauraneumann.mywire.org] 2026-02-09 15:56:11,839 - INFO - [BROWSER] Starting Standard Selenium (Headless)...
[sherryprice0396@lauraneumann.mywire.org] 2026-02-09 15:56:11,839 - INFO - [BROWSER] Binary: /usr/bin/google-chrome, Driver: /usr/local/bin/chromedriver
[sherryprice0396@lauraneumann.mywire.org] 2026-02-09 15:57:27,859 - ERROR - [BROWSER] CRITICAL: Failed to create driver: Message: session not created
[sherryprice0396@lauraneumann.mywire.org] from chrome not reachable
[sherryprice0396@lauraneumann.mywire.org] Stacktrace:
[sherryprice0396@lauraneumann.mywire.org] #0 0x5619d8877a7a <unknown>
[sherryprice0396@lauraneumann.mywire.org] #1 0x5619d8290390 <unknown>
[sherryprice0396@lauraneumann.mywire.org] #2 0x5619d827bad8 <unknown>
[sherryprice0396@lauraneumann.mywire.org] #3 0x5619d82d356e <unknown>
[sherryprice0396@lauraneumann.mywire.org] #4 0x5619d82cec30 <unknown>
[sherryprice0396@lauraneumann.mywire.org] #5 0x5619d82c8ef9 <unknown>
[sherryprice0396@lauraneumann.mywire.org] #6 0x5619d831b06e <unknown>
[sherryprice0396@lauraneumann.mywire.org] #7 0x5619d831a75c <unknown>
[sherryprice0396@lauraneumann.mywire.org] #8 0x5619d82d78b2 <unknown>
[sherryprice0396@lauraneumann.mywire.org] #9 0x5619d82d86a1 <unknown>
[sherryprice0396@lauraneumann.mywire.org] #10 0x5619d883d8d9 <unknown>
[sherryprice0396@lauraneumann.mywire.org] #11 0x5619d88407e1 <unknown>
[sherryprice0396@lauraneumann.mywire.org] #12 0x5619d8829ed9 <unknown>
[sherryprice0396@lauraneumann.mywire.org] #13 0x5619d884139e <unknown>
[sherryprice0396@lauraneumann.mywire.org] #14 0x5619d8810440 <unknown>
[sherryprice0396@lauraneumann.mywire.org] #15 0x5619d88650f8 <unknown>
[sherryprice0396@lauraneumann.mywire.org] #16 0x5619d88652cb <unknown>
[sherryprice0396@lauraneumann.mywire.org] #17 0x5619d8876de8 <unknown>
[sherryprice0396@lauraneumann.mywire.org] #18 0x7f2a72f83ac3 <unknown>
[sherryprice0396@lauraneumann.mywire.org] 
[sherryprice0396@lauraneumann.mywire.org] 2026-02-09 15:57:27,878 - ERROR - Traceback (most recent call last):
[sherryprice0396@lauraneumann.mywire.org]   File "/opt/automation/do_automation.py", line 400, in get_chrome_driver
[sherryprice0396@lauraneumann.mywire.org]     driver = webdriver.Chrome(service=service, options=chrome_options)
[sherryprice0396@lauraneumann.mywire.org]   File "/usr/local/lib/python3.10/dist-packages/selenium/webdriver/chrome/webdriver.py", line 45, in __init__
[sherryprice0396@lauraneumann.mywire.org]     super().__init__(
[sherryprice0396@lauraneumann.mywire.org]   File "/usr/local/lib/python3.10/dist-packages/selenium/webdriver/chromium/webdriver.py", line 56, in __init__
[sherryprice0396@lauraneumann.mywire.org]     super().__init__(
[sherryprice0396@lauraneumann.mywire.org]   File "/usr/local/lib/python3.10/dist-packages/selenium/webdriver/remote/webdriver.py", line 208, in __init__
[sherryprice0396@lauraneumann.mywire.org]     self.start_session(capabilities)
[sherryprice0396@lauraneumann.mywire.org]   File "/usr/local/lib/python3.10/dist-packages/selenium/webdriver/remote/webdriver.py", line 292, in start_session
[sherryprice0396@lauraneumann.mywire.org]     response = self.execute(Command.NEW_SESSION, caps)["value"]
[sherryprice0396@lauraneumann.mywire.org]   File "/usr/local/lib/python3.10/dist-packages/selenium/webdriver/remote/webdriver.py", line 347, in execute
[sherryprice0396@lauraneumann.mywire.org]     self.error_handler.check_response(response)
[sherryprice0396@lauraneumann.mywire.org]   File "/usr/local/lib/python3.10/dist-packages/selenium/webdriver/remote/errorhandler.py", line 229, in check_response
[sherryprice0396@lauraneumann.mywire.org]     raise exception_class(message, screen, stacktrace)
[sherryprice0396@lauraneumann.mywire.org] selenium.common.exceptions.SessionNotCreatedException: Message: session not created
[sherryprice0396@lauraneumann.mywire.org] from chrome not reachable
[sherryprice0396@lauraneumann.mywire.org] Stacktrace:
[sherryprice0396@lauraneumann.mywire.org] #0 0x5619d8877a7a <unknown>
[sherryprice0396@lauraneumann.mywire.org] #1 0x5619d8290390 <unknown>
[sherryprice0396@lauraneumann.mywire.org] #2 0x5619d827bad8 <unknown>
[sherryprice0396@lauraneumann.mywire.org] #3 0x5619d82d356e <unknown>
[sherryprice0396@lauraneumann.mywire.org] #4 0x5619d82cec30 <unknown>
[sherryprice0396@lauraneumann.mywire.org] #5 0x5619d82c8ef9 <unknown>
[sherryprice0396@lauraneumann.mywire.org] #6 0x5619d831b06e <unknown>
[sherryprice0396@lauraneumann.mywire.org] #7 0x5619d831a75c <unknown>
[sherryprice0396@lauraneumann.mywire.org] #8 0x5619d82d78b2 <unknown>
[sherryprice0396@lauraneumann.mywire.org] #9 0x5619d82d86a1 <unknown>
[sherryprice0396@lauraneumann.mywire.org] #10 0x5619d883d8d9 <unknown>
[sherryprice0396@lauraneumann.mywire.org] #11 0x5619d88407e1 <unknown>
[sherryprice0396@lauraneumann.mywire.org] #12 0x5619d8829ed9 <unknown>
[sherryprice0396@lauraneumann.mywire.org] #13 0x5619d884139e <unknown>
[sherryprice0396@lauraneumann.mywire.org] #14 0x5619d8810440 <unknown>
[sherryprice0396@lauraneumann.mywire.org] #15 0x5619d88650f8 <unknown>
[sherryprice0396@lauraneumann.mywire.org] #16 0x5619d88652cb <unknown>
[sherryprice0396@lauraneumann.mywire.org] #17 0x5619d8876de8 <unknown>
[sherryprice0396@lauraneumann.mywire.org] #18 0x7f2a72f83ac3 <unknown>
[sherryprice0396@lauraneumann.mywire.org] 
[sherryprice0396@lauraneumann.mywire.org] 
[sherryprice0396@lauraneumann.mywire.org] 2026-02-09 15:57:27,878 - ERROR - [LAMBDA] Exception during browser attempt 2: Message: session not created
[sherryprice0396@lauraneumann.mywire.org] from chrome not reachable
[sherryprice0396@lauraneumann.mywire.org] Stacktrace:
[sherryprice0396@lauraneumann.mywire.org] #0 0x5619d8877a7a <unknown>
[sherryprice0396@lauraneumann.mywire.org] #1 0x5619d8290390 <unknown>
[sherryprice0396@lauraneumann.mywire.org] #2 0x5619d827bad8 <unknown>
[sherryprice0396@lauraneumann.mywire.org] #3 0x5619d82d356e <unknown>
[sherryprice0396@lauraneumann.mywire.org] #4 0x5619d82cec30 <unknown>
[sherryprice0396@lauraneumann.mywire.org] #5 0x5619d82c8ef9 <unknown>
[sherryprice0396@lauraneumann.mywire.org] #6 0x5619d831b06e <unknown>
[sherryprice0396@lauraneumann.mywire.org] #7 0x5619d831a75c <unknown>
[sherryprice0396@lauraneumann.mywire.org] #8 0x5619d82d78b2 <unknown>
[sherryprice0396@lauraneumann.mywire.org] #9 0x5619d82d86a1 <unknown>
[sherryprice0396@lauraneumann.mywire.org] #10 0x5619d883d8d9 <unknown>
[sherryprice0396@lauraneumann.mywire.org] #11 0x5619d88407e1 <unknown>
[sherryprice0396@lauraneumann.mywire.org] #12 0x5619d8829ed9 <unknown>
[sherryprice0396@lauraneumann.mywire.org] #13 0x5619d884139e <unknown>
[sherryprice0396@lauraneumann.mywire.org] #14 0x5619d8810440 <unknown>
[sherryprice0396@lauraneumann.mywire.org] #15 0x5619d88650f8 <unknown>
[sherryprice0396@lauraneumann.mywire.org] #16 0x5619d88652cb <unknown>
[sherryprice0396@lauraneumann.mywire.org] #17 0x5619d8876de8 <unknown>
[sherryprice0396@lauraneumann.mywire.org] #18 0x7f2a72f83ac3 <unknown>
[sherryprice0396@lauraneumann.mywire.org] 
[sherryprice0396@lauraneumann.mywire.org] 2026-02-09 15:57:29,886 - INFO - [LAMBDA] Restarting browser (Attempt 3/3)...
[sherryprice0396@lauraneumann.mywire.org] 2026-02-09 15:57:29,936 - INFO - [ANTI-DETECT] selenium-stealth library loaded successfully
[sherryprice0396@lauraneumann.mywire.org] 2026-02-09 15:57:29,936 - INFO - [BROWSER] Using cached paths - Chrome: /usr/bin/google-chrome, Driver: /usr/local/bin/chromedriver
[sherryprice0396@lauraneumann.mywire.org] 2026-02-09 15:57:29,936 - INFO - [BROWSER] Contents of /opt: ['google', 'automation']
[sherryprice0396@lauraneumann.mywire.org] 2026-02-09 15:57:29,945 - INFO - [BROWSER] Found Chrome binary at: /usr/bin/google-chrome
[sherryprice0396@lauraneumann.mywire.org] 2026-02-09 15:57:29,945 - INFO - [BROWSER] Found ChromeDriver at: /usr/local/bin/chromedriver
[sherryprice0396@lauraneumann.mywire.org] 2026-02-09 15:57:29,945 - INFO - [PROXY] Proxy disabled or not configured
[sherryprice0396@lauraneumann.mywire.org] 2026-02-09 15:57:29,945 - INFO - [BROWSER] Starting Standard Selenium (Headless)...
[sherryprice0396@lauraneumann.mywire.org] 2026-02-09 15:57:29,945 - INFO - [BROWSER] Binary: /usr/bin/google-chrome, Driver: /usr/local/bin/chromedriver
[sherryprice0396@lauraneumann.mywire.org] 2026-02-09 15:58:36,527 - ERROR - [BROWSER] CRITICAL: Failed to create driver: Message: session not created: DevToolsActivePort file doesn't exist
[sherryprice0396@lauraneumann.mywire.org] Stacktrace:
[sherryprice0396@lauraneumann.mywire.org] #0 0x55f47348da7a <unknown>
[sherryprice0396@lauraneumann.mywire.org] #1 0x55f472ea66a2 <unknown>
[sherryprice0396@lauraneumann.mywire.org] #2 0x55f472ee8cb3 <unknown>
[sherryprice0396@lauraneumann.mywire.org] #3 0x55f472ee4a12 <unknown>
[sherryprice0396@lauraneumann.mywire.org] #4 0x55f472edeef9 <unknown>
[sherryprice0396@lauraneumann.mywire.org] #5 0x55f472f3106e <unknown>
[sherryprice0396@lauraneumann.mywire.org] #6 0x55f472f3075c <unknown>
[sherryprice0396@lauraneumann.mywire.org] #7 0x55f472eed8b2 <unknown>
[sherryprice0396@lauraneumann.mywire.org] #8 0x55f472eee6a1 <unknown>
[sherryprice0396@lauraneumann.mywire.org] #9 0x55f4734538d9 <unknown>
[sherryprice0396@lauraneumann.mywire.org] #10 0x55f4734567e1 <unknown>
[sherryprice0396@lauraneumann.mywire.org] #11 0x55f47343fed9 <unknown>
[sherryprice0396@lauraneumann.mywire.org] #12 0x55f47345739e <unknown>
[sherryprice0396@lauraneumann.mywire.org] #13 0x55f473426440 <unknown>
[sherryprice0396@lauraneumann.mywire.org] #14 0x55f47347b0f8 <unknown>
[sherryprice0396@lauraneumann.mywire.org] #15 0x55f47347b2cb <unknown>
[sherryprice0396@lauraneumann.mywire.org] #16 0x55f47348cde8 <unknown>
[sherryprice0396@lauraneumann.mywire.org] #17 0x7f054500dac3 <unknown>
[sherryprice0396@lauraneumann.mywire.org] 
[sherryprice0396@lauraneumann.mywire.org] 2026-02-09 15:58:42,475 - ERROR - Traceback (most recent call last):
[sherryprice0396@lauraneumann.mywire.org]   File "/opt/automation/do_automation.py", line 400, in get_chrome_driver
[sherryprice0396@lauraneumann.mywire.org]     driver = webdriver.Chrome(service=service, options=chrome_options)
[sherryprice0396@lauraneumann.mywire.org]   File "/usr/local/lib/python3.10/dist-packages/selenium/webdriver/chrome/webdriver.py", line 45, in __init__
[sherryprice0396@lauraneumann.mywire.org]     super().__init__(
[sherryprice0396@lauraneumann.mywire.org]   File "/usr/local/lib/python3.10/dist-packages/selenium/webdriver/chromium/webdriver.py", line 56, in __init__
[sherryprice0396@lauraneumann.mywire.org]     super().__init__(
[sherryprice0396@lauraneumann.mywire.org]   File "/usr/local/lib/python3.10/dist-packages/selenium/webdriver/remote/webdriver.py", line 208, in __init__
[sherryprice0396@lauraneumann.mywire.org]     self.start_session(capabilities)
[sherryprice0396@lauraneumann.mywire.org]   File "/usr/local/lib/python3.10/dist-packages/selenium/webdriver/remote/webdriver.py", line 292, in start_session
[sherryprice0396@lauraneumann.mywire.org]     response = self.execute(Command.NEW_SESSION, caps)["value"]
[sherryprice0396@lauraneumann.mywire.org]   File "/usr/local/lib/python3.10/dist-packages/selenium/webdriver/remote/webdriver.py", line 347, in execute
[sherryprice0396@lauraneumann.mywire.org]     self.error_handler.check_response(response)
[sherryprice0396@lauraneumann.mywire.org]   File "/usr/local/lib/python3.10/dist-packages/selenium/webdriver/remote/errorhandler.py", line 229, in check_response
[sherryprice0396@lauraneumann.mywire.org]     raise exception_class(message, screen, stacktrace)
[sherryprice0396@lauraneumann.mywire.org] selenium.common.exceptions.SessionNotCreatedException: Message: session not created: DevToolsActivePort file doesn't exist
[sherryprice0396@lauraneumann.mywire.org] Stacktrace:
[sherryprice0396@lauraneumann.mywire.org] #0 0x55f47348da7a <unknown>
[sherryprice0396@lauraneumann.mywire.org] #1 0x55f472ea66a2 <unknown>
[sherryprice0396@lauraneumann.mywire.org] #2 0x55f472ee8cb3 <unknown>
[sherryprice0396@lauraneumann.mywire.org] #3 0x55f472ee4a12 <unknown>
[sherryprice0396@lauraneumann.mywire.org] #4 0x55f472edeef9 <unknown>
[sherryprice0396@lauraneumann.mywire.org] #5 0x55f472f3106e <unknown>
[sherryprice0396@lauraneumann.mywire.org] #6 0x55f472f3075c <unknown>
[sherryprice0396@lauraneumann.mywire.org] #7 0x55f472eed8b2 <unknown>
[sherryprice0396@lauraneumann.mywire.org] #8 0x55f472eee6a1 <unknown>
[sherryprice0396@lauraneumann.mywire.org] #9 0x55f4734538d9 <unknown>
[sherryprice0396@lauraneumann.mywire.org] #10 0x55f4734567e1 <unknown>
[sherryprice0396@lauraneumann.mywire.org] #11 0x55f47343fed9 <unknown>
[sherryprice0396@lauraneumann.mywire.org] #12 0x55f47345739e <unknown>
[sherryprice0396@lauraneumann.mywire.org] #13 0x55f473426440 <unknown>
[sherryprice0396@lauraneumann.mywire.org] #14 0x55f47347b0f8 <unknown>
[sherryprice0396@lauraneumann.mywire.org] #15 0x55f47347b2cb <unknown>
[sherryprice0396@lauraneumann.mywire.org] #16 0x55f47348cde8 <unknown>
[sherryprice0396@lauraneumann.mywire.org] #17 0x7f054500dac3 <unknown>
[sherryprice0396@lauraneumann.mywire.org] 
[sherryprice0396@lauraneumann.mywire.org] 
[sherryprice0396@lauraneumann.mywire.org] 2026-02-09 15:58:42,477 - ERROR - [LAMBDA] Exception during browser attempt 3: Message: session not created: DevToolsActivePort file doesn't exist
[sherryprice0396@lauraneumann.mywire.org] Stacktrace:
[sherryprice0396@lauraneumann.mywire.org] #0 0x55f47348da7a <unknown>
[sherryprice0396@lauraneumann.mywire.org] #1 0x55f472ea66a2 <unknown>
[sherryprice0396@lauraneumann.mywire.org] #2 0x55f472ee8cb3 <unknown>
[sherryprice0396@lauraneumann.mywire.org] #3 0x55f472ee4a12 <unknown>
[sherryprice0396@lauraneumann.mywire.org] #4 0x55f472edeef9 <unknown>
[sherryprice0396@lauraneumann.mywire.org] #5 0x55f472f3106e <unknown>
[sherryprice0396@lauraneumann.mywire.org] #6 0x55f472f3075c <unknown>
[sherryprice0396@lauraneumann.mywire.org] #7 0x55f472eed8b2 <unknown>
[sherryprice0396@lauraneumann.mywire.org] #8 0x55f472eee6a1 <unknown>
[sherryprice0396@lauraneumann.mywire.org] #9 0x55f4734538d9 <unknown>
[sherryprice0396@lauraneumann.mywire.org] #10 0x55f4734567e1 <unknown>
[sherryprice0396@lauraneumann.mywire.org] #11 0x55f47343fed9 <unknown>
[sherryprice0396@lauraneumann.mywire.org] #12 0x55f47345739e <unknown>
[sherryprice0396@lauraneumann.mywire.org] #13 0x55f473426440 <unknown>
[sherryprice0396@lauraneumann.mywire.org] #14 0x55f47347b0f8 <unknown>
[sherryprice0396@lauraneumann.mywire.org] #15 0x55f47347b2cb <unknown>
[sherryprice0396@lauraneumann.mywire.org] #16 0x55f47348cde8 <unknown>
[sherryprice0396@lauraneumann.mywire.org] #17 0x7f054500dac3 <unknown>
[sherryprice0396@lauraneumann.mywire.org] 
[sherryprice0396@lauraneumann.mywire.org] <JSON_RESULT>{"email": "sherryprice0396@lauraneumann.mywire.org", "status": "failed", "step_completed": "login", "error_step": "login", "error_message": "Max browser retries reached: Message: session not created: DevToolsActivePort file doesn't exist\nStacktrace:\n#0 0x55f47348da7a <unknown>\n#1 0x55f472ea66a2 <unknown>\n#2 0x55f472ee8cb3 <unknown>\n#3 0x55f472ee4a12 <unknown>\n#4 0x55f472edeef9 <unknown>\n#5 0x55f472f3106e <unknown>\n#6 0x55f472f3075c <unknown>\n#7 0x55f472eed8b2 <unknown>\n#8 0x55f472eee6a1 <unknown>\n#9 0x55f4734538d9 <unknown>\n#10 0x55f4734567e1 <unknown>\n#11 0x55f47343fed9 <unknown>\n#12 0x55f47345739e <unknown>\n#13 0x55f473426440 <unknown>\n#14 0x55f47347b0f8 <unknown>\n#15 0x55f47347b2cb <unknown>\n#16 0x55f47348cde8 <unknown>\n#17 0x7f054500dac3 <unknown>\n", "app_password": null, "secret_key": null, "timings": {"driver_init": 10.36, "login": 191.32}}</JSON_RESULT>
[jenniferdavidson0746@automatedsupply.clarionex.cv] [2026-02-09T15:59:05.195211] Preparing remote directory on 46.101.215.193...
[lindablair5996@automatedsupply.clarionex.cv] --- SCRIPT INITIALIZING ---
[lindablair5996@automatedsupply.clarionex.cv] 2026-02-09 15:52:49,366 - INFO - [ANTI-DETECT] selenium-stealth library loaded successfully
[lindablair5996@automatedsupply.clarionex.cv] 2026-02-09 15:52:49,367 - INFO - [BROWSER] Checking /opt directory contents...
[lindablair5996@automatedsupply.clarionex.cv] 2026-02-09 15:52:49,367 - INFO - [BROWSER] Contents of /opt: ['google', 'digitalocean', 'automation']
[lindablair5996@automatedsupply.clarionex.cv] 2026-02-09 15:52:49,367 - INFO - [BROWSER] Found Chrome binary at: /usr/bin/google-chrome
[lindablair5996@automatedsupply.clarionex.cv] 2026-02-09 15:52:49,367 - INFO - [BROWSER] Found ChromeDriver at: /usr/local/bin/chromedriver
[lindablair5996@automatedsupply.clarionex.cv] 2026-02-09 15:52:49,367 - INFO - [PROXY] Proxy disabled or not configured
[lindablair5996@automatedsupply.clarionex.cv] 2026-02-09 15:52:49,367 - INFO - [BROWSER] Starting Standard Selenium (Headless)...
[lindablair5996@automatedsupply.clarionex.cv] 2026-02-09 15:52:49,367 - INFO - [BROWSER] Binary: /usr/bin/google-chrome, Driver: /usr/local/bin/chromedriver
[lindablair5996@automatedsupply.clarionex.cv] 2026-02-09 15:53:01,662 - INFO - [BROWSER] ✓ Standard selenium driver started
[lindablair5996@automatedsupply.clarionex.cv] 2026-02-09 15:53:06,912 - INFO - [ANTI-DETECT] ✓ selenium-stealth applied
[lindablair5996@automatedsupply.clarionex.cv] 2026-02-09 15:53:07,014 - INFO - [BROWSER] ✓ Browser initialization complete
[lindablair5996@automatedsupply.clarionex.cv] 2026-02-09 15:53:07,016 - INFO - [LAMBDA] Chrome driver started for lindablair5996@automatedsupply.clarionex.cv
[lindablair5996@automatedsupply.clarionex.cv] 2026-02-09 15:53:07,017 - INFO - [STEP] Login started for lindablair5996@automatedsupply.clarionex.cv
[lindablair5996@automatedsupply.clarionex.cv] 2026-02-09 15:53:07,017 - INFO - [STEP] Navigating to Google login page (English)...
[lindablair5996@automatedsupply.clarionex.cv] 2026-02-09 15:55:10,598 - ERROR - [STEP] Navigation failed: Message: timeout: Timed out receiving message from renderer: 105.429
[lindablair5996@automatedsupply.clarionex.cv]   (Session info: chrome=144.0.7559.132)
[lindablair5996@automatedsupply.clarionex.cv] Stacktrace:
[lindablair5996@automatedsupply.clarionex.cv] #0 0x5615a5c6ba7a <unknown>
[lindablair5996@automatedsupply.clarionex.cv] #1 0x5615a56846a2 <unknown>
[lindablair5996@automatedsupply.clarionex.cv] #2 0x5615a566bd87 <unknown>
[lindablair5996@automatedsupply.clarionex.cv] #3 0x5615a566b996 <unknown>
[lindablair5996@automatedsupply.clarionex.cv] #4 0x5615a56694a1 <unknown>
[lindablair5996@automatedsupply.clarionex.cv] #5 0x5615a5669e2f <unknown>
[lindablair5996@automatedsupply.clarionex.cv] #6 0x5615a5679360 <unknown>
[lindablair5996@automatedsupply.clarionex.cv] #7 0x5615a5693357 <unknown>
[lindablair5996@automatedsupply.clarionex.cv] #8 0x5615a569a56b <unknown>
[lindablair5996@automatedsupply.clarionex.cv] #9 0x5615a566a599 <unknown>
[lindablair5996@automatedsupply.clarionex.cv] #10 0x5615a56930ec <unknown>
[lindablair5996@automatedsupply.clarionex.cv] #11 0x5615a5722b68 <unknown>
[lindablair5996@automatedsupply.clarionex.cv] #12 0x5615a56cb8b2 <unknown>
[lindablair5996@automatedsupply.clarionex.cv] #13 0x5615a56cc6a1 <unknown>
[lindablair5996@automatedsupply.clarionex.cv] #14 0x5615a5c318d9 <unknown>
[lindablair5996@automatedsupply.clarionex.cv] #15 0x5615a5c347e1 <unknown>
[lindablair5996@automatedsupply.clarionex.cv] #16 0x5615a5c1ded9 <unknown>
[lindablair5996@automatedsupply.clarionex.cv] #17 0x5615a5c3539e <unknown>
[lindablair5996@automatedsupply.clarionex.cv] #18 0x5615a5c04440 <unknown>
[lindablair5996@automatedsupply.clarionex.cv] #19 0x5615a5c590f8 <unknown>
[lindablair5996@automatedsupply.clarionex.cv] #20 0x5615a5c592cb <unknown>
[lindablair5996@automatedsupply.clarionex.cv] #21 0x5615a5c6ade8 <unknown>
[lindablair5996@automatedsupply.clarionex.cv] #22 0x7fd9d3407ac3 <unknown>
[lindablair5996@automatedsupply.clarionex.cv] 
[lindablair5996@automatedsupply.clarionex.cv] 2026-02-09 15:55:12,386 - ERROR - Traceback (most recent call last):
[lindablair5996@automatedsupply.clarionex.cv]   File "/opt/automation/do_automation.py", line 2565, in login_google
[lindablair5996@automatedsupply.clarionex.cv]     driver.get(login_url)
[lindablair5996@automatedsupply.clarionex.cv]   File "/usr/local/lib/python3.10/dist-packages/selenium/webdriver/remote/webdriver.py", line 356, in get
[lindablair5996@automatedsupply.clarionex.cv]     self.execute(Command.GET, {"url": url})
[lindablair5996@automatedsupply.clarionex.cv]   File "/usr/local/lib/python3.10/dist-packages/selenium/webdriver/remote/webdriver.py", line 347, in execute
[lindablair5996@automatedsupply.clarionex.cv]     self.error_handler.check_response(response)
[lindablair5996@automatedsupply.clarionex.cv]   File "/usr/local/lib/python3.10/dist-packages/selenium/webdriver/remote/errorhandler.py", line 229, in check_response
[lindablair5996@automatedsupply.clarionex.cv]     raise exception_class(message, screen, stacktrace)
[lindablair5996@automatedsupply.clarionex.cv] selenium.common.exceptions.TimeoutException: Message: timeout: Timed out receiving message from renderer: 105.429
[lindablair5996@automatedsupply.clarionex.cv]   (Session info: chrome=144.0.7559.132)
[lindablair5996@automatedsupply.clarionex.cv] Stacktrace:
[lindablair5996@automatedsupply.clarionex.cv] #0 0x5615a5c6ba7a <unknown>
[lindablair5996@automatedsupply.clarionex.cv] #1 0x5615a56846a2 <unknown>
[lindablair5996@automatedsupply.clarionex.cv] #2 0x5615a566bd87 <unknown>
[lindablair5996@automatedsupply.clarionex.cv] #3 0x5615a566b996 <unknown>
[lindablair5996@automatedsupply.clarionex.cv] #4 0x5615a56694a1 <unknown>
[lindablair5996@automatedsupply.clarionex.cv] #5 0x5615a5669e2f <unknown>
[lindablair5996@automatedsupply.clarionex.cv] #6 0x5615a5679360 <unknown>
[lindablair5996@automatedsupply.clarionex.cv] #7 0x5615a5693357 <unknown>
[lindablair5996@automatedsupply.clarionex.cv] #8 0x5615a569a56b <unknown>
[lindablair5996@automatedsupply.clarionex.cv] #9 0x5615a566a599 <unknown>
[lindablair5996@automatedsupply.clarionex.cv] #10 0x5615a56930ec <unknown>
[lindablair5996@automatedsupply.clarionex.cv] #11 0x5615a5722b68 <unknown>
[lindablair5996@automatedsupply.clarionex.cv] #12 0x5615a56cb8b2 <unknown>
[lindablair5996@automatedsupply.clarionex.cv] #13 0x5615a56cc6a1 <unknown>
[lindablair5996@automatedsupply.clarionex.cv] #14 0x5615a5c318d9 <unknown>
[lindablair5996@automatedsupply.clarionex.cv] #15 0x5615a5c347e1 <unknown>
[lindablair5996@automatedsupply.clarionex.cv] #16 0x5615a5c1ded9 <unknown>
[lindablair5996@automatedsupply.clarionex.cv] #17 0x5615a5c3539e <unknown>
[lindablair5996@automatedsupply.clarionex.cv] #18 0x5615a5c04440 <unknown>
[lindablair5996@automatedsupply.clarionex.cv] #19 0x5615a5c590f8 <unknown>
[lindablair5996@automatedsupply.clarionex.cv] #20 0x5615a5c592cb <unknown>
[lindablair5996@automatedsupply.clarionex.cv] #21 0x5615a5c6ade8 <unknown>
[lindablair5996@automatedsupply.clarionex.cv] #22 0x7fd9d3407ac3 <unknown>
[lindablair5996@automatedsupply.clarionex.cv] 
[lindablair5996@automatedsupply.clarionex.cv] 
[lindablair5996@automatedsupply.clarionex.cv] 2026-02-09 15:56:13,315 - ERROR - [SCREENSHOT] Failed to capture screenshot: Message: timeout: Timed out receiving message from renderer: 10.000
[lindablair5996@automatedsupply.clarionex.cv]   (Session info: chrome=144.0.7559.132)
[lindablair5996@automatedsupply.clarionex.cv] Stacktrace:
[lindablair5996@automatedsupply.clarionex.cv] #0 0x5615a5c6ba7a <unknown>
[lindablair5996@automatedsupply.clarionex.cv] #1 0x5615a56846a2 <unknown>
[lindablair5996@automatedsupply.clarionex.cv] #2 0x5615a566bd87 <unknown>
[lindablair5996@automatedsupply.clarionex.cv] #3 0x5615a566b996 <unknown>
[lindablair5996@automatedsupply.clarionex.cv] #4 0x5615a56694a1 <unknown>
[lindablair5996@automatedsupply.clarionex.cv] #5 0x5615a5669e2f <unknown>
[lindablair5996@automatedsupply.clarionex.cv] #6 0x5615a5693e29 <unknown>
[lindablair5996@automatedsupply.clarionex.cv] #7 0x5615a572fec1 <unknown>
[lindablair5996@automatedsupply.clarionex.cv] #8 0x5615a57227f0 <unknown>
[lindablair5996@automatedsupply.clarionex.cv] #9 0x5615a56cb8b2 <unknown>
[lindablair5996@automatedsupply.clarionex.cv] #10 0x5615a56cc6a1 <unknown>
[lindablair5996@automatedsupply.clarionex.cv] #11 0x5615a5c318d9 <unknown>
[lindablair5996@automatedsupply.clarionex.cv] #12 0x5615a5c347e1 <unknown>
[lindablair5996@automatedsupply.clarionex.cv] #13 0x5615a5c1ded9 <unknown>
[lindablair5996@automatedsupply.clarionex.cv] #14 0x5615a5c3539e <unknown>
[lindablair5996@automatedsupply.clarionex.cv] #15 0x5615a5c04440 <unknown>
[lindablair5996@automatedsupply.clarionex.cv] #16 0x5615a5c590f8 <unknown>
[lindablair5996@automatedsupply.clarionex.cv] #17 0x5615a5c592cb <unknown>
[lindablair5996@automatedsupply.clarionex.cv] #18 0x5615a5c6ade8 <unknown>
[lindablair5996@automatedsupply.clarionex.cv] #19 0x7fd9d3407ac3 <unknown>
[lindablair5996@automatedsupply.clarionex.cv] 
[lindablair5996@automatedsupply.clarionex.cv] 2026-02-09 15:56:13,322 - WARNING - [LAMBDA] Login failed with error: navigation_failed - Message: timeout: Timed out receiving message from renderer: 105.429
[lindablair5996@automatedsupply.clarionex.cv]   (Session info: chrome=144.0.7559.132)
[lindablair5996@automatedsupply.clarionex.cv] Stacktrace:
[lindablair5996@automatedsupply.clarionex.cv] #0 0x5615a5c6ba7a <unknown>
[lindablair5996@automatedsupply.clarionex.cv] #1 0x5615a56846a2 <unknown>
[lindablair5996@automatedsupply.clarionex.cv] #2 0x5615a566bd87 <unknown>
[lindablair5996@automatedsupply.clarionex.cv] #3 0x5615a566b996 <unknown>
[lindablair5996@automatedsupply.clarionex.cv] #4 0x5615a56694a1 <unknown>
[lindablair5996@automatedsupply.clarionex.cv] #5 0x5615a5669e2f <unknown>
[lindablair5996@automatedsupply.clarionex.cv] #6 0x5615a5679360 <unknown>
[lindablair5996@automatedsupply.clarionex.cv] #7 0x5615a5693357 <unknown>
[lindablair5996@automatedsupply.clarionex.cv] #8 0x5615a569a56b <unknown>
[lindablair5996@automatedsupply.clarionex.cv] #9 0x5615a566a599 <unknown>
[lindablair5996@automatedsupply.clarionex.cv] #10 0x5615a56930ec <unknown>
[lindablair5996@automatedsupply.clarionex.cv] #11 0x5615a5722b68 <unknown>
[lindablair5996@automatedsupply.clarionex.cv] #12 0x5615a56cb8b2 <unknown>
[lindablair5996@automatedsupply.clarionex.cv] #13 0x5615a56cc6a1 <unknown>
[lindablair5996@automatedsupply.clarionex.cv] #14 0x5615a5c318d9 <unknown>
[lindablair5996@automatedsupply.clarionex.cv] #15 0x5615a5c347e1 <unknown>
[lindablair5996@automatedsupply.clarionex.cv] #16 0x5615a5c1ded9 <unknown>
[lindablair5996@automatedsupply.clarionex.cv] #17 0x5615a5c3539e <unknown>
[lindablair5996@automatedsupply.clarionex.cv] #18 0x5615a5c04440 <unknown>
[lindablair5996@automatedsupply.clarionex.cv] #19 0x5615a5c590f8 <unknown>
[lindablair5996@automatedsupply.clarionex.cv] #20 0x5615a5c592cb <unknown>
[lindablair5996@automatedsupply.clarionex.cv] #21 0x5615a5c6ade8 <unknown>
[lindablair5996@automatedsupply.clarionex.cv] #22 0x7fd9d3407ac3 <unknown>
[lindablair5996@automatedsupply.clarionex.cv] 
[lindablair5996@automatedsupply.clarionex.cv] 2026-02-09 15:56:13,322 - WARNING - [LAMBDA] Retrying with fresh browser (Attempt 1/3)...
[lindablair5996@automatedsupply.clarionex.cv] 2026-02-09 15:56:14,146 - INFO - [LAMBDA] Restarting browser (Attempt 2/3)...
[lindablair5996@automatedsupply.clarionex.cv] 2026-02-09 15:56:14,146 - INFO - [ANTI-DETECT] selenium-stealth library loaded successfully
[lindablair5996@automatedsupply.clarionex.cv] 2026-02-09 15:56:14,146 - INFO - [BROWSER] Using cached paths - Chrome: /usr/bin/google-chrome, Driver: /usr/local/bin/chromedriver
[lindablair5996@automatedsupply.clarionex.cv] 2026-02-09 15:56:14,195 - INFO - [BROWSER] Contents of /opt: ['google', 'digitalocean', 'automation']
[lindablair5996@automatedsupply.clarionex.cv] 2026-02-09 15:56:14,199 - INFO - [BROWSER] Found Chrome binary at: /usr/bin/google-chrome
[lindablair5996@automatedsupply.clarionex.cv] 2026-02-09 15:56:14,224 - INFO - [BROWSER] Found ChromeDriver at: /usr/local/bin/chromedriver
[lindablair5996@automatedsupply.clarionex.cv] 2026-02-09 15:56:14,224 - INFO - [PROXY] Proxy disabled or not configured
[lindablair5996@automatedsupply.clarionex.cv] 2026-02-09 15:56:14,224 - INFO - [BROWSER] Starting Standard Selenium (Headless)...
[lindablair5996@automatedsupply.clarionex.cv] 2026-02-09 15:56:14,224 - INFO - [BROWSER] Binary: /usr/bin/google-chrome, Driver: /usr/local/bin/chromedriver
[lindablair5996@automatedsupply.clarionex.cv] 2026-02-09 15:57:26,139 - ERROR - [BROWSER] CRITICAL: Failed to create driver: Message: session not created
[lindablair5996@automatedsupply.clarionex.cv] from chrome not reachable
[lindablair5996@automatedsupply.clarionex.cv] Stacktrace:
[lindablair5996@automatedsupply.clarionex.cv] #0 0x56077a76aa7a <unknown>
[lindablair5996@automatedsupply.clarionex.cv] #1 0x56077a183390 <unknown>
[lindablair5996@automatedsupply.clarionex.cv] #2 0x56077a16ead8 <unknown>
[lindablair5996@automatedsupply.clarionex.cv] #3 0x56077a1c656e <unknown>
[lindablair5996@automatedsupply.clarionex.cv] #4 0x56077a1c1c30 <unknown>
[lindablair5996@automatedsupply.clarionex.cv] #5 0x56077a1bbef9 <unknown>
[lindablair5996@automatedsupply.clarionex.cv] #6 0x56077a20e06e <unknown>
[lindablair5996@automatedsupply.clarionex.cv] #7 0x56077a20d75c <unknown>
[lindablair5996@automatedsupply.clarionex.cv] #8 0x56077a1ca8b2 <unknown>
[lindablair5996@automatedsupply.clarionex.cv] #9 0x56077a1cb6a1 <unknown>
[lindablair5996@automatedsupply.clarionex.cv] #10 0x56077a7308d9 <unknown>
[lindablair5996@automatedsupply.clarionex.cv] #11 0x56077a7337e1 <unknown>
[lindablair5996@automatedsupply.clarionex.cv] #12 0x56077a71ced9 <unknown>
[lindablair5996@automatedsupply.clarionex.cv] #13 0x56077a73439e <unknown>
[lindablair5996@automatedsupply.clarionex.cv] #14 0x56077a703440 <unknown>
[lindablair5996@automatedsupply.clarionex.cv] #15 0x56077a7580f8 <unknown>
[lindablair5996@automatedsupply.clarionex.cv] #16 0x56077a7582cb <unknown>
[lindablair5996@automatedsupply.clarionex.cv] #17 0x56077a769de8 <unknown>
[lindablair5996@automatedsupply.clarionex.cv] #18 0x7f78b37b3ac3 <unknown>
[lindablair5996@automatedsupply.clarionex.cv] 
[lindablair5996@automatedsupply.clarionex.cv] 2026-02-09 15:57:26,209 - ERROR - Traceback (most recent call last):
[lindablair5996@automatedsupply.clarionex.cv]   File "/opt/automation/do_automation.py", line 400, in get_chrome_driver
[lindablair5996@automatedsupply.clarionex.cv]     driver = webdriver.Chrome(service=service, options=chrome_options)
[lindablair5996@automatedsupply.clarionex.cv]   File "/usr/local/lib/python3.10/dist-packages/selenium/webdriver/chrome/webdriver.py", line 45, in __init__
[lindablair5996@automatedsupply.clarionex.cv]     super().__init__(
[lindablair5996@automatedsupply.clarionex.cv]   File "/usr/local/lib/python3.10/dist-packages/selenium/webdriver/chromium/webdriver.py", line 56, in __init__
[lindablair5996@automatedsupply.clarionex.cv]     super().__init__(
[lindablair5996@automatedsupply.clarionex.cv]   File "/usr/local/lib/python3.10/dist-packages/selenium/webdriver/remote/webdriver.py", line 208, in __init__
[lindablair5996@automatedsupply.clarionex.cv]     self.start_session(capabilities)
[lindablair5996@automatedsupply.clarionex.cv]   File "/usr/local/lib/python3.10/dist-packages/selenium/webdriver/remote/webdriver.py", line 292, in start_session
[lindablair5996@automatedsupply.clarionex.cv]     response = self.execute(Command.NEW_SESSION, caps)["value"]
[lindablair5996@automatedsupply.clarionex.cv]   File "/usr/local/lib/python3.10/dist-packages/selenium/webdriver/remote/webdriver.py", line 347, in execute
[lindablair5996@automatedsupply.clarionex.cv]     self.error_handler.check_response(response)
[lindablair5996@automatedsupply.clarionex.cv]   File "/usr/local/lib/python3.10/dist-packages/selenium/webdriver/remote/errorhandler.py", line 229, in check_response
[lindablair5996@automatedsupply.clarionex.cv]     raise exception_class(message, screen, stacktrace)
[lindablair5996@automatedsupply.clarionex.cv] selenium.common.exceptions.SessionNotCreatedException: Message: session not created
[lindablair5996@automatedsupply.clarionex.cv] from chrome not reachable
[lindablair5996@automatedsupply.clarionex.cv] Stacktrace:
[lindablair5996@automatedsupply.clarionex.cv] #0 0x56077a76aa7a <unknown>
[lindablair5996@automatedsupply.clarionex.cv] #1 0x56077a183390 <unknown>
[lindablair5996@automatedsupply.clarionex.cv] #2 0x56077a16ead8 <unknown>
[lindablair5996@automatedsupply.clarionex.cv] #3 0x56077a1c656e <unknown>
[lindablair5996@automatedsupply.clarionex.cv] #4 0x56077a1c1c30 <unknown>
[lindablair5996@automatedsupply.clarionex.cv] #5 0x56077a1bbef9 <unknown>
[lindablair5996@automatedsupply.clarionex.cv] #6 0x56077a20e06e <unknown>
[lindablair5996@automatedsupply.clarionex.cv] #7 0x56077a20d75c <unknown>
[lindablair5996@automatedsupply.clarionex.cv] #8 0x56077a1ca8b2 <unknown>
[lindablair5996@automatedsupply.clarionex.cv] #9 0x56077a1cb6a1 <unknown>
[lindablair5996@automatedsupply.clarionex.cv] #10 0x56077a7308d9 <unknown>
[lindablair5996@automatedsupply.clarionex.cv] #11 0x56077a7337e1 <unknown>
[lindablair5996@automatedsupply.clarionex.cv] #12 0x56077a71ced9 <unknown>
[lindablair5996@automatedsupply.clarionex.cv] #13 0x56077a73439e <unknown>
[lindablair5996@automatedsupply.clarionex.cv] #14 0x56077a703440 <unknown>
[lindablair5996@automatedsupply.clarionex.cv] #15 0x56077a7580f8 <unknown>
[lindablair5996@automatedsupply.clarionex.cv] #16 0x56077a7582cb <unknown>
[lindablair5996@automatedsupply.clarionex.cv] #17 0x56077a769de8 <unknown>
[lindablair5996@automatedsupply.clarionex.cv] #18 0x7f78b37b3ac3 <unknown>
[lindablair5996@automatedsupply.clarionex.cv] 
[lindablair5996@automatedsupply.clarionex.cv] 
[lindablair5996@automatedsupply.clarionex.cv] 2026-02-09 15:57:26,209 - ERROR - [LAMBDA] Exception during browser attempt 2: Message: session not created
[lindablair5996@automatedsupply.clarionex.cv] from chrome not reachable
[lindablair5996@automatedsupply.clarionex.cv] Stacktrace:
[lindablair5996@automatedsupply.clarionex.cv] #0 0x56077a76aa7a <unknown>
[lindablair5996@automatedsupply.clarionex.cv] #1 0x56077a183390 <unknown>
[lindablair5996@automatedsupply.clarionex.cv] #2 0x56077a16ead8 <unknown>
[lindablair5996@automatedsupply.clarionex.cv] #3 0x56077a1c656e <unknown>
[lindablair5996@automatedsupply.clarionex.cv] #4 0x56077a1c1c30 <unknown>
[lindablair5996@automatedsupply.clarionex.cv] #5 0x56077a1bbef9 <unknown>
[lindablair5996@automatedsupply.clarionex.cv] #6 0x56077a20e06e <unknown>
[lindablair5996@automatedsupply.clarionex.cv] #7 0x56077a20d75c <unknown>
[lindablair5996@automatedsupply.clarionex.cv] #8 0x56077a1ca8b2 <unknown>
[lindablair5996@automatedsupply.clarionex.cv] #9 0x56077a1cb6a1 <unknown>
[lindablair5996@automatedsupply.clarionex.cv] #10 0x56077a7308d9 <unknown>
[lindablair5996@automatedsupply.clarionex.cv] #11 0x56077a7337e1 <unknown>
[lindablair5996@automatedsupply.clarionex.cv] #12 0x56077a71ced9 <unknown>
[lindablair5996@automatedsupply.clarionex.cv] #13 0x56077a73439e <unknown>
[lindablair5996@automatedsupply.clarionex.cv] #14 0x56077a703440 <unknown>
[lindablair5996@automatedsupply.clarionex.cv] #15 0x56077a7580f8 <unknown>
[lindablair5996@automatedsupply.clarionex.cv] #16 0x56077a7582cb <unknown>
[lindablair5996@automatedsupply.clarionex.cv] #17 0x56077a769de8 <unknown>
[lindablair5996@automatedsupply.clarionex.cv] #18 0x7f78b37b3ac3 <unknown>
[lindablair5996@automatedsupply.clarionex.cv] 
[lindablair5996@automatedsupply.clarionex.cv] 2026-02-09 15:57:28,228 - INFO - [LAMBDA] Restarting browser (Attempt 3/3)...
[lindablair5996@automatedsupply.clarionex.cv] 2026-02-09 15:57:28,229 - INFO - [ANTI-DETECT] selenium-stealth library loaded successfully
[lindablair5996@automatedsupply.clarionex.cv] 2026-02-09 15:57:28,230 - INFO - [BROWSER] Using cached paths - Chrome: /usr/bin/google-chrome, Driver: /usr/local/bin/chromedriver
[lindablair5996@automatedsupply.clarionex.cv] 2026-02-09 15:57:28,230 - INFO - [BROWSER] Contents of /opt: ['google', 'automation']
[lindablair5996@automatedsupply.clarionex.cv] 2026-02-09 15:57:28,242 - INFO - [BROWSER] Found Chrome binary at: /usr/bin/google-chrome
[lindablair5996@automatedsupply.clarionex.cv] 2026-02-09 15:57:28,243 - INFO - [BROWSER] Found ChromeDriver at: /usr/local/bin/chromedriver
[lindablair5996@automatedsupply.clarionex.cv] 2026-02-09 15:57:28,243 - INFO - [PROXY] Proxy disabled or not configured
[lindablair5996@automatedsupply.clarionex.cv] 2026-02-09 15:57:28,243 - INFO - [BROWSER] Starting Standard Selenium (Headless)...
[lindablair5996@automatedsupply.clarionex.cv] 2026-02-09 15:57:28,243 - INFO - [BROWSER] Binary: /usr/bin/google-chrome, Driver: /usr/local/bin/chromedriver
[lindablair5996@automatedsupply.clarionex.cv] 2026-02-09 15:58:45,604 - ERROR - [BROWSER] CRITICAL: Failed to create driver: Message: session not created
[lindablair5996@automatedsupply.clarionex.cv] from chrome not reachable
[lindablair5996@automatedsupply.clarionex.cv] Stacktrace:
[lindablair5996@automatedsupply.clarionex.cv] #0 0x555fba781a7a <unknown>
[lindablair5996@automatedsupply.clarionex.cv] #1 0x555fba19a390 <unknown>
[lindablair5996@automatedsupply.clarionex.cv] #2 0x555fba185ad8 <unknown>
[lindablair5996@automatedsupply.clarionex.cv] #3 0x555fba1dd56e <unknown>
[lindablair5996@automatedsupply.clarionex.cv] #4 0x555fba1d8c30 <unknown>
[lindablair5996@automatedsupply.clarionex.cv] #5 0x555fba1d2ef9 <unknown>
[lindablair5996@automatedsupply.clarionex.cv] #6 0x555fba22506e <unknown>
[lindablair5996@automatedsupply.clarionex.cv] #7 0x555fba22475c <unknown>
[lindablair5996@automatedsupply.clarionex.cv] #8 0x555fba1e18b2 <unknown>
[lindablair5996@automatedsupply.clarionex.cv] #9 0x555fba1e26a1 <unknown>
[lindablair5996@automatedsupply.clarionex.cv] #10 0x555fba7478d9 <unknown>
[lindablair5996@automatedsupply.clarionex.cv] #11 0x555fba74a7e1 <unknown>
[lindablair5996@automatedsupply.clarionex.cv] #12 0x555fba733ed9 <unknown>
[lindablair5996@automatedsupply.clarionex.cv] #13 0x555fba74b39e <unknown>
[lindablair5996@automatedsupply.clarionex.cv] #14 0x555fba71a440 <unknown>
[lindablair5996@automatedsupply.clarionex.cv] #15 0x555fba76f0f8 <unknown>
[lindablair5996@automatedsupply.clarionex.cv] #16 0x555fba76f2cb <unknown>
[lindablair5996@automatedsupply.clarionex.cv] #17 0x555fba780de8 <unknown>
[lindablair5996@automatedsupply.clarionex.cv] #18 0x7f4525366ac3 <unknown>
[lindablair5996@automatedsupply.clarionex.cv] 
[lindablair5996@automatedsupply.clarionex.cv] 2026-02-09 15:58:45,658 - ERROR - Traceback (most recent call last):
[lindablair5996@automatedsupply.clarionex.cv]   File "/opt/automation/do_automation.py", line 400, in get_chrome_driver
[lindablair5996@automatedsupply.clarionex.cv]     driver = webdriver.Chrome(service=service, options=chrome_options)
[lindablair5996@automatedsupply.clarionex.cv]   File "/usr/local/lib/python3.10/dist-packages/selenium/webdriver/chrome/webdriver.py", line 45, in __init__
[lindablair5996@automatedsupply.clarionex.cv]     super().__init__(
[lindablair5996@automatedsupply.clarionex.cv]   File "/usr/local/lib/python3.10/dist-packages/selenium/webdriver/chromium/webdriver.py", line 56, in __init__
[lindablair5996@automatedsupply.clarionex.cv]     super().__init__(
[lindablair5996@automatedsupply.clarionex.cv]   File "/usr/local/lib/python3.10/dist-packages/selenium/webdriver/remote/webdriver.py", line 208, in __init__
[lindablair5996@automatedsupply.clarionex.cv]     self.start_session(capabilities)
[lindablair5996@automatedsupply.clarionex.cv]   File "/usr/local/lib/python3.10/dist-packages/selenium/webdriver/remote/webdriver.py", line 292, in start_session
[lindablair5996@automatedsupply.clarionex.cv]     response = self.execute(Command.NEW_SESSION, caps)["value"]
[lindablair5996@automatedsupply.clarionex.cv]   File "/usr/local/lib/python3.10/dist-packages/selenium/webdriver/remote/webdriver.py", line 347, in execute
[lindablair5996@automatedsupply.clarionex.cv]     self.error_handler.check_response(response)
[lindablair5996@automatedsupply.clarionex.cv]   File "/usr/local/lib/python3.10/dist-packages/selenium/webdriver/remote/errorhandler.py", line 229, in check_response
[lindablair5996@automatedsupply.clarionex.cv]     raise exception_class(message, screen, stacktrace)
[lindablair5996@automatedsupply.clarionex.cv] selenium.common.exceptions.SessionNotCreatedException: Message: session not created
[lindablair5996@automatedsupply.clarionex.cv] from chrome not reachable
[lindablair5996@automatedsupply.clarionex.cv] Stacktrace:
[lindablair5996@automatedsupply.clarionex.cv] #0 0x555fba781a7a <unknown>
[lindablair5996@automatedsupply.clarionex.cv] #1 0x555fba19a390 <unknown>
[lindablair5996@automatedsupply.clarionex.cv] #2 0x555fba185ad8 <unknown>
[lindablair5996@automatedsupply.clarionex.cv] #3 0x555fba1dd56e <unknown>
[lindablair5996@automatedsupply.clarionex.cv] #4 0x555fba1d8c30 <unknown>
[lindablair5996@automatedsupply.clarionex.cv] #5 0x555fba1d2ef9 <unknown>
[lindablair5996@automatedsupply.clarionex.cv] #6 0x555fba22506e <unknown>
[lindablair5996@automatedsupply.clarionex.cv] #7 0x555fba22475c <unknown>
[lindablair5996@automatedsupply.clarionex.cv] #8 0x555fba1e18b2 <unknown>
[lindablair5996@automatedsupply.clarionex.cv] #9 0x555fba1e26a1 <unknown>
[lindablair5996@automatedsupply.clarionex.cv] #10 0x555fba7478d9 <unknown>
[lindablair5996@automatedsupply.clarionex.cv] #11 0x555fba74a7e1 <unknown>
[lindablair5996@automatedsupply.clarionex.cv] #12 0x555fba733ed9 <unknown>
[lindablair5996@automatedsupply.clarionex.cv] #13 0x555fba74b39e <unknown>
[lindablair5996@automatedsupply.clarionex.cv] #14 0x555fba71a440 <unknown>
[lindablair5996@automatedsupply.clarionex.cv] #15 0x555fba76f0f8 <unknown>
[lindablair5996@automatedsupply.clarionex.cv] #16 0x555fba76f2cb <unknown>
[lindablair5996@automatedsupply.clarionex.cv] #17 0x555fba780de8 <unknown>
[lindablair5996@automatedsupply.clarionex.cv] #18 0x7f4525366ac3 <unknown>
[lindablair5996@automatedsupply.clarionex.cv] 
[lindablair5996@automatedsupply.clarionex.cv] 
[lindablair5996@automatedsupply.clarionex.cv] 2026-02-09 15:58:45,674 - ERROR - [LAMBDA] Exception during browser attempt 3: Message: session not created
[lindablair5996@automatedsupply.clarionex.cv] from chrome not reachable
[lindablair5996@automatedsupply.clarionex.cv] Stacktrace:
[lindablair5996@automatedsupply.clarionex.cv] #0 0x555fba781a7a <unknown>
[lindablair5996@automatedsupply.clarionex.cv] #1 0x555fba19a390 <unknown>
[lindablair5996@automatedsupply.clarionex.cv] #2 0x555fba185ad8 <unknown>
[lindablair5996@automatedsupply.clarionex.cv] #3 0x555fba1dd56e <unknown>
[lindablair5996@automatedsupply.clarionex.cv] #4 0x555fba1d8c30 <unknown>
[lindablair5996@automatedsupply.clarionex.cv] #5 0x555fba1d2ef9 <unknown>
[lindablair5996@automatedsupply.clarionex.cv] #6 0x555fba22506e <unknown>
[lindablair5996@automatedsupply.clarionex.cv] #7 0x555fba22475c <unknown>
[lindablair5996@automatedsupply.clarionex.cv] #8 0x555fba1e18b2 <unknown>
[lindablair5996@automatedsupply.clarionex.cv] #9 0x555fba1e26a1 <unknown>
[lindablair5996@automatedsupply.clarionex.cv] #10 0x555fba7478d9 <unknown>
[lindablair5996@automatedsupply.clarionex.cv] #11 0x555fba74a7e1 <unknown>
[lindablair5996@automatedsupply.clarionex.cv] #12 0x555fba733ed9 <unknown>
[lindablair5996@automatedsupply.clarionex.cv] #13 0x555fba74b39e <unknown>
[lindablair5996@automatedsupply.clarionex.cv] #14 0x555fba71a440 <unknown>
[lindablair5996@automatedsupply.clarionex.cv] #15 0x555fba76f0f8 <unknown>
[lindablair5996@automatedsupply.clarionex.cv] #16 0x555fba76f2cb <unknown>
[lindablair5996@automatedsupply.clarionex.cv] #17 0x555fba780de8 <unknown>
[lindablair5996@automatedsupply.clarionex.cv] #18 0x7f4525366ac3 <unknown>
[lindablair5996@automatedsupply.clarionex.cv] 
[lindablair5996@automatedsupply.clarionex.cv] <JSON_RESULT>{"email": "lindablair5996@automatedsupply.clarionex.cv", "status": "failed", "step_completed": "login", "error_step": "login", "error_message": "Max browser retries reached: Message: session not created\nfrom chrome not reachable\nStacktrace:\n#0 0x555fba781a7a <unknown>\n#1 0x555fba19a390 <unknown>\n#2 0x555fba185ad8 <unknown>\n#3 0x555fba1dd56e <unknown>\n#4 0x555fba1d8c30 <unknown>\n#5 0x555fba1d2ef9 <unknown>\n#6 0x555fba22506e <unknown>\n#7 0x555fba22475c <unknown>\n#8 0x555fba1e18b2 <unknown>\n#9 0x555fba1e26a1 <unknown>\n#10 0x555fba7478d9 <unknown>\n#11 0x555fba74a7e1 <unknown>\n#12 0x555fba733ed9 <unknown>\n#13 0x555fba74b39e <unknown>\n#14 0x555fba71a440 <unknown>\n#15 0x555fba76f0f8 <unknown>\n#16 0x555fba76f2cb <unknown>\n#17 0x555fba780de8 <unknown>\n#18 0x7f4525366ac3 <unknown>\n", "app_password": null, "secret_key": null, "timings": {"driver_init": 17.66, "login": 186.3}}</JSON_RESULT>